Log file open, 10/07/18 09:23:57
LogWindows: Failed to load 'aqProf.dll' (GetLastError=126)
LogWindows: File 'aqProf.dll' does not exist
LogWindows: Failed to load 'VtuneApi.dll' (GetLastError=126)
LogWindows: File 'VtuneApi.dll' does not exist
LogWindows: Failed to load 'VtuneApi32e.dll' (GetLastError=126)
LogWindows: File 'VtuneApi32e.dll' does not exist
LogInit: Display: Running engine for game: GeometryFight
LogPlatformFile: Not using cached read wrapper
LogTaskGraph: Started task graph with 5 named threads and 14 total threads with 3 sets of task threads.
LogStats: Stats thread started at 3.824714
LogD3D11RHI: Loaded GFSDK_Aftermath_Lib.x64.dll
LogICUInternationalization: Display: ICU TimeZone Detection - Raw Offset: -3:00, Platform Override: ''
LogPluginManager: Mounting plugin Paper2D
LogPluginManager: Mounting plugin AISupport
LogPluginManager: Mounting plugin LightPropagationVolume
LogPluginManager: Mounting plugin CLionSourceCodeAccess
LogPluginManager: Mounting plugin CodeLiteSourceCodeAccess
LogPluginManager: Mounting plugin GitSourceControl
LogPluginManager: Mounting plugin KDevelopSourceCodeAccess
LogPluginManager: Mounting plugin NullSourceCodeAccess
LogPluginManager: Mounting plugin PerforceSourceControl
LogPluginManager: Mounting plugin SubversionSourceControl
LogPluginManager: Mounting plugin UObjectPlugin
LogPluginManager: Mounting plugin VisualStudioCodeSourceCodeAccess
LogPluginManager: Mounting plugin VisualStudioSourceCodeAccess
LogPluginManager: Mounting plugin XCodeSourceCodeAccess
LogPluginManager: Mounting plugin AssetManagerEditor
LogPluginManager: Mounting plugin CryptoKeys
LogPluginManager: Mounting plugin DataValidation
LogPluginManager: Mounting plugin FacialAnimation
LogPluginManager: Mounting plugin GameplayTagsEditor
LogPluginManager: Mounting plugin MacGraphicsSwitching
LogPluginManager: Mounting plugin MeshEditor
LogPluginManager: Mounting plugin MobileLauncherProfileWizard
LogPluginManager: Mounting plugin PluginBrowser
LogPluginManager: Mounting plugin SpeedTreeImporter
LogPluginManager: Mounting plugin DatasmithContent
LogPluginManager: Mounting plugin AlembicImporter
LogPluginManager: Mounting plugin AppleImageUtils
LogPluginManager: Mounting plugin AppleVision
LogPluginManager: Mounting plugin BackChannel
LogPluginManager: Mounting plugin CharacterAI
LogPluginManager: Mounting plugin GeometryCache
LogPluginManager: Mounting plugin HTML5Networking
LogPluginManager: Mounting plugin ProxyLODPlugin
LogPluginManager: Mounting plugin MagicLeap
LogPluginManager: Mounting plugin MagicLeapEmulator
LogPluginManager: Mounting plugin MagicLeapMedia
LogPluginManager: Mounting plugin AndroidMedia
LogPluginManager: Mounting plugin AvfMedia
LogPluginManager: Mounting plugin ImgMedia
LogPluginManager: Mounting plugin LinearTimecode
LogPluginManager: Mounting plugin MediaCompositing
LogPluginManager: Mounting plugin MediaPlayerEditor
LogPluginManager: Mounting plugin WmfMedia
LogPluginManager: Mounting plugin TcpMessaging
LogPluginManager: Mounting plugin UdpMessaging
LogPluginManager: Mounting plugin ActorSequence
LogPluginManager: Mounting plugin LevelSequenceEditor
LogPluginManager: Mounting plugin MatineeToLevelSequence
LogPluginManager: Mounting plugin NetcodeUnitTest
LogPluginManager: Mounting plugin NUTUnrealEngine4
LogPluginManager: Mounting plugin OnlineSubsystemGooglePlay
LogPluginManager: Mounting plugin OnlineSubsystemIOS
LogPluginManager: Mounting plugin OnlineSubsystem
LogPluginManager: Mounting plugin OnlineSubsystemNull
LogPluginManager: Mounting plugin OnlineSubsystemUtils
LogPluginManager: Mounting plugin LauncherChunkInstaller
LogPluginManager: Mounting plugin AndroidDeviceProfileSelector
LogPluginManager: Mounting plugin AndroidMoviePlayer
LogPluginManager: Mounting plugin AndroidPermission
LogPluginManager: Mounting plugin AppleMoviePlayer
LogPluginManager: Mounting plugin ArchVisCharacter
LogPluginManager: Mounting plugin AudioCapture
LogPluginManager: Mounting plugin CableComponent
LogPluginManager: Mounting plugin CustomMeshComponent
LogPluginManager: Mounting plugin EditableMesh
LogPluginManager: Mounting plugin ExampleDeviceProfileSelector
LogPluginManager: Mounting plugin GoogleCloudMessaging
LogPluginManager: Mounting plugin ImmediatePhysics
LogPluginManager: Mounting plugin IOSDeviceProfileSelector
LogPluginManager: Mounting plugin LinuxDeviceProfileSelector
LogPluginManager: Mounting plugin LocationServicesBPLibrary
LogPluginManager: Mounting plugin MobilePatchingUtils
LogPluginManager: Mounting plugin OculusVR
LogPluginManager: Plugin shader directory ../../../Engine/Plugins/Runtime/Oculus/OculusVR/Shaders found
LogPluginManager: Mapping shader source directory ../../../Engine/Plugins/Runtime/Oculus/OculusVR/Shaders to virtual directory /Plugin/OculusVR
LogPluginManager: Mounting plugin PhysXVehicles
LogPluginManager: Mounting plugin ProceduralMeshComponent
LogPluginManager: Mounting plugin RuntimePhysXCooking
LogPluginManager: Mounting plugin SteamVR
LogPluginManager: Mounting plugin WindowsMoviePlayer
LogStreaming: Display: Took  0.473s to configure plugins.
LogInit: Using libcurl 7.55.1-DEV
LogInit:  - built for x86_64-pc-win32
LogInit:  - supports SSL with OpenSSL/1.0.2h
LogInit:  - supports HTTP deflate (compression) using libz 1.2.8
LogInit:  - other features:
LogInit:      CURL_VERSION_SSL
LogInit:      CURL_VERSION_LIBZ
LogInit:      CURL_VERSION_IPV6
LogInit:      CURL_VERSION_ASYNCHDNS
LogInit:      CURL_VERSION_LARGEFILE
LogInit:      CURL_VERSION_IDN
LogInit:  CurlRequestOptions (configurable via config and command line):
LogInit:  - bVerifyPeer = false  - Libcurl will NOT verify peer certificate
LogInit:  - bUseHttpProxy = false  - Libcurl will NOT use HTTP proxy
LogInit:  - bDontReuseConnections = false  - Libcurl will reuse connections
LogInit:  - CertBundlePath = nullptr  - Libcurl will use whatever was configured at build time.
LogInit:  - MaxHostConnections = 16  - Libcurl will limit the number of connections to a host
LogInit:  - LocalHostAddr = Default
LogInit:  - BufferSize = 65536
LogInit: WinSock: version 1.1 (2.2), MaxSocks=32767, MaxUdp=65467
LogInit: Build: ++UE4+Release-4.20-CL-4369336
LogInit: Engine Version: 4.20.3-4369336+++UE4+Release-4.20
LogInit: Compatible Engine Version: 4.20.0-4212847+++UE4+Release-4.20
LogInit: Net CL: 4212847
LogInit: OS: Windows 10 (), CPU: Intel(R) Core(TM) i5-4460  CPU @ 3.20GHz, GPU: AMD Radeon (TM) R9 380 Series
LogInit: Compiled (64-bit): Sep 17 2018 12:26:19
LogInit: Compiled with Visual C++: 19.13.26129.00
LogInit: Build Configuration: Development
LogInit: Branch Name: ++UE4+Release-4.20
LogInit: Command Line:  
LogInit: Base Directory: G:/ArquivosDePrograma/UE_4.20/Engine/Binaries/Win64/
LogInit: Installed Engine Build: 1
LogDevObjectVersion: Number of dev versions registered: 20
LogDevObjectVersion:   Dev-Blueprints (B0D832E4-1F89-4F0D-ACCF-7EB736FD4AA2): 10
LogDevObjectVersion:   Dev-Build (E1C64328-A22C-4D53-A36C-8E866417BD8C): 0
LogDevObjectVersion:   Dev-Core (375EC13C-06E4-48FB-B500-84F0262A717E): 2
LogDevObjectVersion:   Dev-Editor (E4B068ED-F494-42E9-A231-DA0B2E46BB41): 24
LogDevObjectVersion:   Dev-Framework (CFFC743F-43B0-4480-9391-14DF171D2073): 34
LogDevObjectVersion:   Dev-Mobile (B02B49B5-BB20-44E9-A304-32B752E40360): 2
LogDevObjectVersion:   Dev-Networking (A4E4105C-59A1-49B5-A7C5-40C4547EDFEE): 0
LogDevObjectVersion:   Dev-Online (39C831C9-5AE6-47DC-9A44-9C173E1C8E7C): 0
LogDevObjectVersion:   Dev-Physics (78F01B33-EBEA-4F98-B9B4-84EACCB95AA2): 0
LogDevObjectVersion:   Dev-Platform (6631380F-2D4D-43E0-8009-CF276956A95A): 0
LogDevObjectVersion:   Dev-Rendering (12F88B9F-8875-4AFC-A67C-D90C383ABD29): 26
LogDevObjectVersion:   Dev-Sequencer (7B5AE74C-D270-4C10-A958-57980B212A5A): 9
LogDevObjectVersion:   Dev-VR (D7296918-1DD6-4BDD-9DE2-64A83CC13884): 2
LogDevObjectVersion:   Dev-LoadTimes (C2A15278-BFE7-4AFE-6C17-90FF531DF755): 1
LogDevObjectVersion:   Private-Geometry (6EACA3D4-40EC-4CC1-B786-8BED09428FC5): 3
LogDevObjectVersion:   Dev-AnimPhys (29E575DD-E0A3-4627-9D10-D276232CDCEA): 17
LogDevObjectVersion:   Dev-ReflectionCapture (6B266CEC-1EC7-4B8F-A30B-E4D90942FC07): 1
LogDevObjectVersion:   Dev-Automation (0DF73D61-A23F-47EA-B727-89E90C41499A): 1
LogDevObjectVersion:   FortniteMain (601D1886-AC64-4F84-AA16-D3DE0DEAC7D6): 12
LogDevObjectVersion:   Dev-Enterprise (9DFFBCD6-494F-0158-E221-12823C92A888): 1
LogStreaming: Display: Took  0.032s to delete old logs.
LogInit: Presizing for max 8388607 objects, including 0 objects not considered by GC, pre-allocating 0 bytes for permanent pool.
LogInit: Object subsystem initialized
[2018.10.07-12.24.00:078][  0]LogInit: Selected Device Profile: [Windows]
[2018.10.07-12.24.00:079][  0]LogInit: Applying CVar settings loaded from the selected device profile: [Windows]
[2018.10.07-12.24.00:120][  0]LogHAL: Display: Platform has ~ 16 GB [17080766464 / 17179869184 / 16], which maps to Larger [LargestMinGB=32, LargerMinGB=12, DefaultMinGB=8, SmallerMinGB=6, SmallestMinGB=0)
[2018.10.07-12.24.00:131][  0]LogInit: Setting Device Profile CVar: [[r.Vulkan.UseRealUBs:1]]
[2018.10.07-12.24.00:132][  0]LogInit: Going up to parent DeviceProfile []
[2018.10.07-12.24.00:182][  0]LogInit: Computer: ERICK-HIGA-PC
[2018.10.07-12.24.00:182][  0]LogInit: User: user
[2018.10.07-12.24.00:182][  0]LogInit: CPU Page size=4096, Cores=4
[2018.10.07-12.24.00:182][  0]LogInit: High frequency timer resolution =3.117781 MHz
[2018.10.07-12.24.00:183][  0]LogMemory: Memory total: Physical=15.9GB (16GB approx)
[2018.10.07-12.24.00:183][  0]LogMemory: Platform Memory Stats for Windows
[2018.10.07-12.24.00:183][  0]LogMemory: Process Physical Memory: 101.13 MB used, 101.13 MB peak
[2018.10.07-12.24.00:183][  0]LogMemory: Process Virtual Memory: 84.39 MB used, 84.39 MB peak
[2018.10.07-12.24.00:183][  0]LogMemory: Physical Memory: 6022.66 MB used,  10266.83 MB free, 16289.49 MB total
[2018.10.07-12.24.00:183][  0]LogMemory: Virtual Memory: 475.56 MB used,  10266.83 MB free, 134217728.00 MB total
[2018.10.07-12.24.00:613][  0]LogInit: Overriding language with editor language configuration option (en).
[2018.10.07-12.24.00:613][  0]LogInit: Overriding locale with editor locale configuration option (en).
[2018.10.07-12.24.01:470][  0]LogStreaming: Display: Took  0.823s to InitEngineTextLocalization.
[2018.10.07-12.24.01:482][  0]LogInit: Setting process to per monitor DPI aware
[2018.10.07-12.24.02:479][  0]LogSlate: New Slate User Created.  User Index 0, Is Virtual User: 0
[2018.10.07-12.24.02:479][  0]LogSlate: Slate User Registered.  User Index 0, Is Virtual User: 0
[2018.10.07-12.24.03:879][  0]LogHMD: Failed to initialize OpenVR with code 126
[2018.10.07-12.24.03:879][  0]LogD3D11RHI: D3D11 adapters:
[2018.10.07-12.24.03:969][  0]LogD3D11RHI:    0. 'AMD Radeon (TM) R9 380 Series' (Feature Level 11_0)
[2018.10.07-12.24.03:969][  0]LogD3D11RHI:       2023/0/8144 MB DedicatedVideo/DedicatedSystem/SharedSystem, Outputs:2, VendorId:0x1002
[2018.10.07-12.24.03:971][  0]LogD3D11RHI:    1. 'Microsoft Basic Render Driver' (Feature Level 11_0)
[2018.10.07-12.24.03:971][  0]LogD3D11RHI:       0/0/8144 MB DedicatedVideo/DedicatedSystem/SharedSystem, Outputs:0, VendorId:0x1414
[2018.10.07-12.24.03:971][  0]LogD3D11RHI: Chosen D3D11 Adapter: 0
[2018.10.07-12.24.04:000][  0]LogD3D11RHI: Creating new Direct3DDevice
[2018.10.07-12.24.04:000][  0]LogD3D11RHI:     GPU DeviceId: 0x6939 (for the marketing name, search the web for "GPU Device Id")
[2018.10.07-12.24.04:017][  0]LogWindows: EnumDisplayDevices:
[2018.10.07-12.24.04:017][  0]LogWindows:    0. 'AMD Radeon (TM) R9 380 Series' (P:0 D:1)
[2018.10.07-12.24.04:018][  0]LogWindows:    1. 'AMD Radeon (TM) R9 380 Series' (P:1 D:1)
[2018.10.07-12.24.04:018][  0]LogWindows:    2. 'AMD Radeon (TM) R9 380 Series' (P:0 D:0)
[2018.10.07-12.24.04:018][  0]LogWindows:    3. 'AMD Radeon (TM) R9 380 Series' (P:0 D:0)
[2018.10.07-12.24.04:018][  0]LogWindows:    4. 'AMD Radeon (TM) R9 380 Series' (P:0 D:0)
[2018.10.07-12.24.04:019][  0]LogWindows:    5. 'AMD Radeon (TM) R9 380 Series' (P:0 D:0)
[2018.10.07-12.24.04:019][  0]LogWindows: DebugString: FoundDriverCount:6 
[2018.10.07-12.24.04:019][  0]LogD3D11RHI:     Adapter Name: AMD Radeon (TM) R9 380 Series
[2018.10.07-12.24.04:019][  0]LogD3D11RHI:   Driver Version: Crimson ReLive 17.9.1 (internal:22.19.676.0, unified:22.19.676.0)
[2018.10.07-12.24.04:019][  0]LogD3D11RHI:      Driver Date: 9-5-2017
[2018.10.07-12.24.04:019][  0]LogRHI: Texture pool is 1416 MB (70% of 2023 MB)
[2018.10.07-12.24.04:257][  0]LogD3D11RHI: Async texture creation enabled
[2018.10.07-12.24.04:998][  0]LogD3D11RHI: GPU Timing Frequency: 27.000000 (Debug: 2 1)
[2018.10.07-12.24.05:099][  0]LogShaderCompilers: Guid format shader working directory is 1 characters bigger than the processId version (../../../../../UnrealProjects/GeometryFight/Intermediate/Shaders/WorkingDirectory/12292/).
[2018.10.07-12.24.05:099][  0]LogShaderCompilers: Cleaned the shader compiler working directory 'C:/Users/user/AppData/Local/Temp/UnrealShaderWorkingDir/04B280024DE9552D61EFB883B98AB9CD/'.
[2018.10.07-12.24.06:088][  0]LogTemp: Display: Loaded TP AllDesktopTargetPlatform
[2018.10.07-12.24.06:127][  0]LogTemp: Display: Loaded TP MacClientTargetPlatform
[2018.10.07-12.24.06:148][  0]LogTemp: Display: Loaded TP MacNoEditorTargetPlatform
[2018.10.07-12.24.06:168][  0]LogTemp: Display: Loaded TP MacServerTargetPlatform
[2018.10.07-12.24.06:208][  0]LogTemp: Display: Loaded TP MacTargetPlatform
[2018.10.07-12.24.06:256][  0]LogTemp: Display: Loaded TP WindowsClientTargetPlatform
[2018.10.07-12.24.06:291][  0]LogTemp: Display: Loaded TP WindowsNoEditorTargetPlatform
[2018.10.07-12.24.06:316][  0]LogTemp: Display: Loaded TP WindowsServerTargetPlatform
[2018.10.07-12.24.06:332][  0]LogTemp: Display: Loaded TP WindowsTargetPlatform
[2018.10.07-12.24.06:451][  0]LogTemp: Display: Loaded TP AndroidTargetPlatform
[2018.10.07-12.24.06:451][  0]LogTemp: Display: Loaded TP AndroidTargetPlatform
[2018.10.07-12.24.06:451][  0]LogTemp: Display: Loaded TP AndroidTargetPlatform
[2018.10.07-12.24.06:451][  0]LogTemp: Display: Loaded TP AndroidTargetPlatform
[2018.10.07-12.24.06:451][  0]LogTemp: Display: Loaded TP AndroidTargetPlatform
[2018.10.07-12.24.06:451][  0]LogTemp: Display: Loaded TP AndroidTargetPlatform
[2018.10.07-12.24.06:451][  0]LogTemp: Display: Loaded TP AndroidTargetPlatform
[2018.10.07-12.24.06:451][  0]LogTemp: Display: Loaded TP AndroidTargetPlatform
[2018.10.07-12.24.06:451][  0]LogTemp: Display: Loaded TP AndroidTargetPlatform
[2018.10.07-12.24.06:451][  0]LogTemp: Display: Loaded TP AndroidTargetPlatform
[2018.10.07-12.24.06:451][  0]LogTemp: Display: Loaded TP AndroidTargetPlatform
[2018.10.07-12.24.06:451][  0]LogTemp: Display: Loaded TP AndroidTargetPlatform
[2018.10.07-12.24.06:451][  0]LogTemp: Display: Loaded TP AndroidTargetPlatform
[2018.10.07-12.24.06:451][  0]LogTemp: Display: Loaded TP AndroidTargetPlatform
[2018.10.07-12.24.06:451][  0]LogTemp: Display: Loaded TP AndroidTargetPlatform
[2018.10.07-12.24.06:451][  0]LogTemp: Display: Loaded TP AndroidTargetPlatform
[2018.10.07-12.24.06:451][  0]LogTemp: Display: Loaded TP AndroidTargetPlatform
[2018.10.07-12.24.06:451][  0]LogTemp: Display: Loaded TP AndroidTargetPlatform
[2018.10.07-12.24.06:503][  0]LogTemp: Display: Loaded TP HTML5TargetPlatform
[2018.10.07-12.24.06:638][  0]LogTemp: Display: Loaded TP IOSTargetPlatform
[2018.10.07-12.24.06:638][  0]LogTemp: Display: Loaded TP IOSTargetPlatform
[2018.10.07-12.24.06:675][  0]LogTemp: Display: Loaded TP TVOSTargetPlatform
[2018.10.07-12.24.06:675][  0]LogTemp: Display: Loaded TP TVOSTargetPlatform
[2018.10.07-12.24.06:767][  0]LogTemp: Display: Loaded TP LinuxClientTargetPlatform
[2018.10.07-12.24.06:825][  0]LogTemp: Display: Loaded TP LinuxNoEditorTargetPlatform
[2018.10.07-12.24.06:882][  0]LogTemp: Display: Loaded TP LinuxServerTargetPlatform
[2018.10.07-12.24.06:943][  0]LogTemp: Display: Loaded TP LinuxTargetPlatform
[2018.10.07-12.24.06:967][  0]LogTemp: Display: Loaded TP LuminTargetPlatform
[2018.10.07-12.24.06:968][  0]LogTargetPlatformManager: Display: Building Assets For Windows
[2018.10.07-12.24.08:579][  0]LogXGEController: Cleaning working directory: C:/Users/user/AppData/Local/Temp/UnrealXGEWorkingDir/
[2018.10.07-12.24.08:580][  0]LogXGEController: Cannot use XGE Controller as Incredibuild is not installed on this machine.
[2018.10.07-12.24.08:580][  0]LogShaderCompilers: Cannot use XGE Shader Compiler as Incredibuild is not installed on this machine.
[2018.10.07-12.24.08:580][  0]LogShaderCompilers: Display: Using Local Shader Compiler.
[2018.10.07-12.24.11:357][  0]LogDerivedDataCache: Display: Max Cache Size: 512 MB
[2018.10.07-12.24.11:676][  0]LogDerivedDataCache: Loaded boot cache 0.32s 71MB C:/Users/user/AppData/Local/UnrealEngine/4.20/DerivedDataCache/Boot.ddc.
[2018.10.07-12.24.11:676][  0]LogDerivedDataCache: Display: Loaded Boot cache: C:/Users/user/AppData/Local/UnrealEngine/4.20/DerivedDataCache/Boot.ddc
[2018.10.07-12.24.11:676][  0]LogDerivedDataCache: FDerivedDataBackendGraph:  Pak pak cache file ../../../../../UnrealProjects/GeometryFight/DerivedDataCache/DDC.ddp not found, will not use a pak cache.
[2018.10.07-12.24.11:677][  0]LogDerivedDataCache: Unable to find inner node Pak for hierarchical cache Hierarchy.
[2018.10.07-12.24.11:677][  0]LogDerivedDataCache: FDerivedDataBackendGraph:  CompressedPak pak cache file ../../../../../UnrealProjects/GeometryFight/DerivedDataCache/Compressed.ddp not found, will not use a pak cache.
[2018.10.07-12.24.11:677][  0]LogDerivedDataCache: Unable to find inner node CompressedPak for hierarchical cache Hierarchy.
[2018.10.07-12.24.11:748][  0]LogDerivedDataCache: Display: Pak cache opened for reading ../../../Engine/DerivedDataCache/Compressed.ddp.
[2018.10.07-12.24.11:761][  0]LogDerivedDataCache: Using Local data cache path C:/Users/user/AppData/Local/UnrealEngine/Common/DerivedDataCache: Writable
[2018.10.07-12.24.11:761][  0]LogDerivedDataCache: Shared data cache path not found in *engine.ini, will not use an Shared cache.
[2018.10.07-12.24.11:761][  0]LogDerivedDataCache: Unable to find inner node Shared for hierarchical cache Hierarchy.
[2018.10.07-12.24.11:844][  0]LogMaterial: Verifying Global Shaders for PCD3D_SM5
[2018.10.07-12.24.11:881][  0]LogSlate: Using FreeType 2.6.0
[2018.10.07-12.24.11:998][  0]LogSlate: SlateFontServices - WITH_FREETYPE: 1, WITH_HARFBUZZ: 1
[2018.10.07-12.24.12:546][  0]LogAssetRegistry: FAssetRegistry took 0.0282 seconds to start up
[2018.10.07-12.24.14:999][  0]LogInit: Selected Device Profile: [Windows]
[2018.10.07-12.24.17:016][  0]LogSimplygon: Simplygon DLL not present - disabling.
[2018.10.07-12.24.17:140][  0]LogMeshReduction: Using SimplygonSwarm for distributed automatic mesh merging
[2018.10.07-12.24.17:141][  0]LogMeshReduction: Using ProxyLODMeshReduction for automatic mesh merging
[2018.10.07-12.24.17:142][  0]LogMeshReduction: Using QuadricMeshReduction for automatic static mesh reduction
[2018.10.07-12.24.17:142][  0]LogMeshReduction: No automatic skeletal mesh reduction module available
[2018.10.07-12.24.17:400][  0]LogNetVersion: GeometryFight 1.0.0, NetCL: 4212847, EngineNetVer: 5, GameNetVer: 0 (Checksum: 4048855847)
[2018.10.07-12.24.20:795][  0]LogPackageLocalizationCache: Processed 11 localized package path(s) for 1 prioritized culture(s) in 0.121315 seconds
[2018.10.07-12.24.20:909][  0]LogUObjectArray: 38425 objects as part of root set at end of initial load.
[2018.10.07-12.24.20:909][  0]LogUObjectAllocator: 6690872 out of 0 bytes used by permanent object pool.
[2018.10.07-12.24.20:909][  0]LogUObjectArray: CloseDisregardForGC: 0/0 objects in disregard for GC pool
[2018.10.07-12.24.33:971][  0]LogTcpMessaging: Initializing TcpMessaging bridge
[2018.10.07-12.24.34:016][  0]LogUdpMessaging: Initializing bridge on interface 0.0.0.0:0 to multicast group 230.0.0.1:6666.
[2018.10.07-12.24.35:038][  0]SourceControl: Source control is disabled
[2018.10.07-12.24.35:039][  0]SourceControl: Source control is disabled
[2018.10.07-12.24.35:141][  0]SourceControl: Source control is disabled
[2018.10.07-12.24.35:154][  0]SourceControl: Source control is disabled
[2018.10.07-12.24.36:883][  0]LogAndroidPermission: UAndroidPermissionCallbackProxy::GetInstance
[2018.10.07-12.24.37:069][  0]LogOcInput: OculusInput pre-init called
[2018.10.07-12.24.37:553][  0]LogEngine: Initializing Engine...
[2018.10.07-12.24.37:594][  0]LogHMD: Failed to initialize OpenVR with code 126
[2018.10.07-12.24.37:619][  0]LogStats: UGameplayTagsManager::ConstructGameplayTagTree: ImportINI prefixes -  0.000 s
[2018.10.07-12.24.37:619][  0]LogStats: UGameplayTagsManager::ConstructGameplayTagTree: Construct from data asset -  0.000 s
[2018.10.07-12.24.37:619][  0]LogStats: UGameplayTagsManager::ConstructGameplayTagTree: ImportINI -  0.000 s
[2018.10.07-12.24.37:619][  0]LogStats: UGameplayTagsManager::ConstructGameplayTagTree: GameplayTagTreeChangedEvent.Broadcast -  0.000 s
[2018.10.07-12.24.38:289][  0]LogInit: Initializing FReadOnlyCVARCache
[2018.10.07-12.24.38:604][  0]LogAIModule: Creating AISystem for world Untitled
[2018.10.07-12.24.38:743][  0]LogInit: XAudio2 using '3 - M2380D (AMD High Definition Audio Device)' : 2 channels at 48 kHz using 16 bits per sample (channel mask 0x3)
[2018.10.07-12.24.38:765][  0]LogInit: FAudioDevice initialized.
[2018.10.07-12.24.38:765][  0]LogNetVersion: Set ProjectVersion to 1.0.0.0. Version Checksum will be recalculated on next use.
[2018.10.07-12.24.38:841][  0]LogDerivedDataCache: Saved boot cache 0.08s 71MB C:/Users/user/AppData/Local/UnrealEngine/4.20/DerivedDataCache/Boot.ddc.
[2018.10.07-12.24.38:848][  0]LogInit: Texture streaming: Enabled
[2018.10.07-12.24.38:981][  0]LogEngineSessionManager: EngineSessionManager initialized
[2018.10.07-12.24.39:278][  0]LogInit: Transaction tracking system initialized
[2018.10.07-12.24.40:870][  0]BlueprintLog: New page: Editor Load
[2018.10.07-12.24.43:897][  0]LocalizationService: Localization service is disabled
[2018.10.07-12.24.49:111][  0]LogFileCache: Scanning file cache for directory 'G:/UnrealProjects/GeometryFight/Content/' took 0.03s
[2018.10.07-12.24.49:111][  0]LogCook: Display: Max memory allowance for cook 16384mb min free memory 0mb
[2018.10.07-12.24.49:152][  0]LogCook: Display: Mobile HDR setting 1
[2018.10.07-12.24.49:162][  0]LogGameplayTags: Display: UGameplayTagsManager::DoneAddingNativeTags. DelegateIsBound: 0
[2018.10.07-12.24.49:162][  0]LogStats: UGameplayTagsManager::ConstructGameplayTagTree: ImportINI prefixes -  0.000 s
[2018.10.07-12.24.49:162][  0]LogStats: UGameplayTagsManager::ConstructGameplayTagTree: Construct from data asset -  0.000 s
[2018.10.07-12.24.49:162][  0]LogStats: UGameplayTagsManager::ConstructGameplayTagTree: ImportINI -  0.000 s
[2018.10.07-12.24.49:162][  0]LogStats: UGameplayTagsManager::ConstructGameplayTagTree: GameplayTagTreeChangedEvent.Broadcast -  0.000 s
[2018.10.07-12.24.56:099][  0]SourceControl: Source control is disabled
[2018.10.07-12.24.56:138][  0]Cmd: MAP LOAD FILE="../../../../../UnrealProjects/GeometryFight/Content/SideScrollerBP/Maps/SideScrollerExampleMap.umap" TEMPLATE=0 SHOWPROGRESS=1 FEATURELEVEL=3
[2018.10.07-12.24.56:161][  0]LightingResults: New page: Lighting Build
[2018.10.07-12.24.56:386][  0]MapCheck: New page: Map Check
[2018.10.07-12.24.56:386][  0]LightingResults: New page: Lighting Build
[2018.10.07-12.24.59:859][  0]LogAIModule: Creating AISystem for world SideScrollerExampleMap
[2018.10.07-12.25.00:557][  0]LogEditorServer: Finished looking for orphan Actors (0.000 secs)
[2018.10.07-12.25.00:698][  0]Cmd: MAP CHECKDEP NOCLEARLOG
[2018.10.07-12.25.00:759][  0]MapCheck: Map check complete: 0 Error(s), 0 Warning(s), took 60.577ms to complete.
[2018.10.07-12.25.00:759][  0]LogFileHelpers: Loading map 'SideScrollerExampleMap' took 4.640
[2018.10.07-12.25.01:977][  0]LogSlate: Updating window title bar state: overlay mode, drag disabled, window buttons hidden, title bar hidden
[2018.10.07-12.25.01:986][  0]LogSlate: Updating window title bar state: overlay mode, drag disabled, window buttons hidden, title bar hidden
[2018.10.07-12.25.01:994][  0]LogSlate: Updating window title bar state: overlay mode, drag disabled, window buttons hidden, title bar hidden
[2018.10.07-12.25.02:002][  0]LogSlate: Updating window title bar state: overlay mode, drag disabled, window buttons hidden, title bar hidden
[2018.10.07-12.25.02:107][  0]LogCollectionManager: Loaded 0 collections in 0.010634 seconds
[2018.10.07-12.25.02:382][  0]LogFileCache: Scanning file cache for directory 'G:/UnrealProjects/GeometryFight/Saved/Collections/' took 0.01s
[2018.10.07-12.25.02:382][  0]LogFileCache: Scanning file cache for directory 'G:/UnrealProjects/GeometryFight/Content/Developers/user/Collections/' took 0.01s
[2018.10.07-12.25.02:382][  0]LogFileCache: Scanning file cache for directory 'G:/UnrealProjects/GeometryFight/Content/Collections/' took 0.01s
[2018.10.07-12.25.02:382][  0]LogCollectionManager: Rebuilt the GUID cache for 0 collections in 0.000000 seconds
[2018.10.07-12.25.02:436][  0]LogContentBrowser: Native class hierarchy populated in 0.0250 seconds. Added 2572 classes and 603 folders.
[2018.10.07-12.25.02:678][  0]LogContentBrowser: Native class hierarchy updated for 'WidgetCarousel' in 0.0003 seconds. Added 0 classes and 0 folders.
[2018.10.07-12.25.05:138][  0]LogContentBrowser: Native class hierarchy updated for 'AddContentDialog' in 0.0003 seconds. Added 0 classes and 0 folders.
[2018.10.07-12.25.05:265][  0]LogContentBrowser: Native class hierarchy updated for 'SceneOutliner' in 0.0003 seconds. Added 1 classes and 2 folders.
[2018.10.07-12.25.12:682][  0]LogTemp: Executing iPhonePackager certificates Engine -bundlename com.YourCompany.GeometryFight
[2018.10.07-12.25.12:682][  0]LogTemp: CWD: G:\ArquivosDePrograma\UE_4.20\Engine\Binaries\DotNET\IOS
[2018.10.07-12.25.12:682][  0]LogTemp: Initial Dir: G:\ArquivosDePrograma\UE_4.20
[2018.10.07-12.25.12:682][  0]LogTemp: Env CWD: G:\ArquivosDePrograma\UE_4.20\Engine\Binaries\DotNET\IOS
[2018.10.07-12.25.12:682][  0]LogTemp: BranchPath = ERICK-HIGA-PC/G/ArquivosDePrograma/UE_4.20/Engine/Binaries --- GameBranchPath = ERICK-HIGA-PC/G/ArquivosDePrograma/UE_4.20/Engine/Binaries
[2018.10.07-12.25.12:682][  0]LogTemp: IPP ERROR: Could not find provision directory 'C:\Users\user\AppData\Local/Apple Computer/MobileDevice/Provisioning Profiles/'.
[2018.10.07-12.25.12:682][  0]LogSlate: Only BGRA pngs, bmps or icos are supported in by External Image Picker
[2018.10.07-12.25.12:889][  0]LogSlate: Took 0.064132 seconds to synchronously load lazily loaded font '../../../Engine/Content/Slate/Fonts/Roboto-Regular.ttf' (155K)
[2018.10.07-12.25.12:977][  0]LogSlate: Took 0.059615 seconds to synchronously load lazily loaded font '../../../Engine/Content/Slate/Fonts/Roboto-Bold.ttf' (160K)
[2018.10.07-12.25.13:057][  0]LogSlate: Took 0.018534 seconds to synchronously load lazily loaded font '../../../Engine/Content/Editor/Slate/Fonts/FontAwesome.ttf' (139K)
[2018.10.07-12.25.13:425][  0]LogRenderer: Reallocating scene render targets to support 804x340 Format 10 NumSamples 1 (Frame:1).
[2018.10.07-12.25.14:053][  0]LogContentBrowser: Native class hierarchy updated for 'HierarchicalLODOutliner' in 0.0004 seconds. Added 0 classes and 0 folders.
[2018.10.07-12.25.14:054][  0]LogLoad: (Engine Initialization) Total time: 89.59 seconds
[2018.10.07-12.25.14:054][  0]LogLoad: (Engine Initialization) Total Blueprint compile time: 0.00 seconds
[2018.10.07-12.25.14:271][  0]LogContentStreaming: Texture pool size now 1000 MB
[2018.10.07-12.25.14:547][  0]LogSlate: Took 0.009357 seconds to synchronously load lazily loaded font '../../../Engine/Content/Slate/Fonts/Roboto-Light.ttf' (167K)
[2018.10.07-12.25.14:812][  3]LogAssetRegistry: Asset discovery search completed in 62.2883 seconds
[2018.10.07-12.25.14:814][  3]LogCollectionManager: Rebuilt the object cache for 0 collections in 0.000000 seconds (found 0 objects)
[2018.10.07-12.25.14:814][  3]LogCollectionManager: Fixed up redirectors for 0 collections in 0.000055 seconds (updated 0 objects)
[2018.10.07-12.25.15:465][  5]LogSlate: Took 0.000255 seconds to synchronously load lazily loaded font '../../../Engine/Content/Slate/Fonts/Roboto-Light.ttf' (167K)
[2018.10.07-12.26.34:078][420]LogRenderer: Reallocating scene render targets to support 804x360 Format 10 NumSamples 1 (Frame:190).
[2018.10.07-12.26.35:302][420]LogRenderer: Reallocating scene render targets to support 1208x576 Format 10 NumSamples 1 (Frame:192).
[2018.10.07-12.26.37:841][444]LogSlate: FSceneViewport::OnFocusLost() reason 0
[2018.10.07-12.26.43:820][ 96]LogTemp: Repeating last play command: Selected Viewport
[2018.10.07-12.26.43:857][ 96]LogBlueprintUserMessages: Early PlayInEditor Detection: Level '/Game/SideScrollerBP/Maps/SideScrollerExampleMap.SideScrollerExampleMap:PersistentLevel' has LevelScriptBlueprint '/Game/SideScrollerBP/Maps/SideScrollerExampleMap.SideScrollerExampleMap:PersistentLevel.SideScrollerExampleMap' with GeneratedClass '/Game/SideScrollerBP/Maps/SideScrollerExampleMap.SideScrollerExampleMap_C' with ClassGeneratedBy '/Game/SideScrollerBP/Maps/SideScrollerExampleMap.SideScrollerExampleMap:PersistentLevel.SideScrollerExampleMap'
[2018.10.07-12.26.43:857][ 96]LogPlayLevel: PlayLevel: No blueprints needed recompiling
[2018.10.07-12.26.43:948][ 96]PIE: New page: PIE session: SideScrollerExampleMap (Oct 7, 2018, 6:26:43 AM)
[2018.10.07-12.26.43:948][ 96]LogPlayLevel: Creating play world package: /Game/SideScrollerBP/Maps/UEDPIE_0_SideScrollerExampleMap
[2018.10.07-12.26.44:005][ 96]LogPlayLevel: PIE: StaticDuplicateObject took: (0.056669s)
[2018.10.07-12.26.44:006][ 96]LogAIModule: Creating AISystem for world SideScrollerExampleMap
[2018.10.07-12.26.44:006][ 96]LogPlayLevel: PIE: World Init took: (0.001026s)
[2018.10.07-12.26.44:007][ 96]LogPlayLevel: PIE: Created PIE world by copying editor world from /Game/SideScrollerBP/Maps/SideScrollerExampleMap.SideScrollerExampleMap to /Game/SideScrollerBP/Maps/UEDPIE_0_SideScrollerExampleMap.SideScrollerExampleMap (0.058074s)
[2018.10.07-12.26.44:047][ 96]LogInit: XAudio2 using '3 - M2380D (AMD High Definition Audio Device)' : 2 channels at 48 kHz using 16 bits per sample (channel mask 0x3)
[2018.10.07-12.26.44:051][ 96]LogInit: FAudioDevice initialized.
[2018.10.07-12.26.44:220][ 96]LogLoad: Game class is 'SideScrollerGameMode_C'
[2018.10.07-12.26.44:240][ 96]LogWorld: Bringing World /Game/SideScrollerBP/Maps/UEDPIE_0_SideScrollerExampleMap.SideScrollerExampleMap up for play (max tick rate 0) at 2018.10.07-09.26.44
[2018.10.07-12.26.44:308][ 96]LogWorld: Bringing up level for play took: 0.069399
[2018.10.07-12.26.44:530][ 96]LogContentBrowser: Native class hierarchy updated for 'MovieSceneCapture' in 0.0003 seconds. Added 10 classes and 0 folders.
[2018.10.07-12.26.44:541][ 96]PIE: Play in editor start time for /Game/SideScrollerBP/Maps/UEDPIE_0_SideScrollerExampleMap 1.215
[2018.10.07-12.26.44:542][ 96]LogBlueprintUserMessages: Late PlayInEditor Detection: Level '/Game/SideScrollerBP/Maps/SideScrollerExampleMap.SideScrollerExampleMap:PersistentLevel' has LevelScriptBlueprint '/Game/SideScrollerBP/Maps/SideScrollerExampleMap.SideScrollerExampleMap:PersistentLevel.SideScrollerExampleMap' with GeneratedClass '/Game/SideScrollerBP/Maps/SideScrollerExampleMap.SideScrollerExampleMap_C' with ClassGeneratedBy '/Game/SideScrollerBP/Maps/SideScrollerExampleMap.SideScrollerExampleMap:PersistentLevel.SideScrollerExampleMap'
[2018.10.07-12.27.00:857][ 16]LogBlueprintUserMessages: [BP_Character1_2] 3
[2018.10.07-12.27.03:618][347]LogBlueprintUserMessages: [BP_Character1_2] 3
[2018.10.07-12.27.06:626][708]LogBlueprintUserMessages: [BP_Character1_2] 3
[2018.10.07-12.27.10:205][137]LogBlueprintUserMessages: [BP_Character1_2] 2
[2018.10.07-12.27.12:211][376]LogBlueprintUserMessages: [BP_Character1_2] 3
[2018.10.07-12.27.17:413][999]LogBlueprintUserMessages: Early EndPlayMap Detection: Level '/Game/SideScrollerBP/Maps/SideScrollerExampleMap.SideScrollerExampleMap:PersistentLevel' has LevelScriptBlueprint '/Game/SideScrollerBP/Maps/SideScrollerExampleMap.SideScrollerExampleMap:PersistentLevel.SideScrollerExampleMap' with GeneratedClass '/Game/SideScrollerBP/Maps/SideScrollerExampleMap.SideScrollerExampleMap_C' with ClassGeneratedBy '/Game/SideScrollerBP/Maps/SideScrollerExampleMap.SideScrollerExampleMap:PersistentLevel.SideScrollerExampleMap'
[2018.10.07-12.27.17:464][999]LogSlate: Updating window title bar state: overlay mode, drag disabled, window buttons hidden, title bar hidden
[2018.10.07-12.27.17:518][999]LogPlayLevel: Display: Shutting down PIE online subsystems
[2018.10.07-12.27.17:518][999]LogBlueprintUserMessages: Late EndPlayMap Detection: Level '/Game/SideScrollerBP/Maps/SideScrollerExampleMap.SideScrollerExampleMap:PersistentLevel' has LevelScriptBlueprint '/Game/SideScrollerBP/Maps/SideScrollerExampleMap.SideScrollerExampleMap:PersistentLevel.SideScrollerExampleMap' with GeneratedClass '/Game/SideScrollerBP/Maps/SideScrollerExampleMap.SideScrollerExampleMap_C' with ClassGeneratedBy '/Game/SideScrollerBP/Maps/SideScrollerExampleMap.SideScrollerExampleMap:PersistentLevel.SideScrollerExampleMap'
[2018.10.07-12.27.17:557][999]LogSlate: Updating window title bar state: overlay mode, drag disabled, window buttons hidden, title bar hidden
[2018.10.07-12.27.17:611][  0]LogPlayLevel: Display: Destroying online subsystem :Context_2
[2018.10.07-12.27.21:367][385]LogSlate: FSceneViewport::OnFocusLost() reason 0
[2018.10.07-12.27.23:857][586]LogAssetEditorManager: Opening Asset editor for Blueprint /Game/SideScrollerBP/Blueprints/BP_Character1.BP_Character1
[2018.10.07-12.27.25:615][586]LogContentBrowser: Native class hierarchy updated for 'BlueprintGraph' in 0.0006 seconds. Added 116 classes and 0 folders.
[2018.10.07-12.27.28:044][586]LogSlate: Took 0.032384 seconds to synchronously load lazily loaded font '../../../Engine/Content/Slate/Fonts/Roboto-BoldCondensed.ttf' (158K)
[2018.10.07-12.27.28:780][587]LogSlate: Took 0.010324 seconds to synchronously load lazily loaded font '../../../Engine/Content/Slate/Fonts/Roboto-Italic.ttf' (157K)
[2018.10.07-12.27.30:701][756]LogSlate: Window 'BP_Character1' being destroyed
[2018.10.07-12.27.38:854][627]LogSlate: FSceneViewport::OnFocusLost() reason 0
[2018.10.07-12.27.46:470][515]LogSlate: FSceneViewport::OnFocusLost() reason 0
[2018.10.07-12.27.46:570][527]BlueprintLog: New page: Compile BP_Character1
[2018.10.07-12.27.59:256][932]LogSlate: FSceneViewport::OnFocusLost() reason 0
[2018.10.07-12.27.59:348][943]BlueprintLog: New page: Compile BP_Character1
