Log file open, 10/07/18 10:10:03
LogWindows: Failed to load 'aqProf.dll' (GetLastError=126)
LogWindows: File 'aqProf.dll' does not exist
LogWindows: Failed to load 'VtuneApi.dll' (GetLastError=126)
LogWindows: File 'VtuneApi.dll' does not exist
LogWindows: Failed to load 'VtuneApi32e.dll' (GetLastError=126)
LogWindows: File 'VtuneApi32e.dll' does not exist
LogInit: Display: Running engine for game: GeometryFight
LogPlatformFile: Not using cached read wrapper
LogTaskGraph: Started task graph with 5 named threads and 14 total threads with 3 sets of task threads.
LogStats: Stats thread started at 0.179834
LogD3D11RHI: Loaded GFSDK_Aftermath_Lib.x64.dll
LogICUInternationalization: Display: ICU TimeZone Detection - Raw Offset: -3:00, Platform Override: ''
LogPluginManager: Mounting plugin Paper2D
LogPluginManager: Mounting plugin AISupport
LogPluginManager: Mounting plugin LightPropagationVolume
LogPluginManager: Mounting plugin CLionSourceCodeAccess
LogPluginManager: Mounting plugin CodeLiteSourceCodeAccess
LogPluginManager: Mounting plugin GitSourceControl
LogPluginManager: Mounting plugin KDevelopSourceCodeAccess
LogPluginManager: Mounting plugin NullSourceCodeAccess
LogPluginManager: Mounting plugin PerforceSourceControl
LogPluginManager: Mounting plugin SubversionSourceControl
LogPluginManager: Mounting plugin UObjectPlugin
LogPluginManager: Mounting plugin VisualStudioCodeSourceCodeAccess
LogPluginManager: Mounting plugin VisualStudioSourceCodeAccess
LogPluginManager: Mounting plugin XCodeSourceCodeAccess
LogPluginManager: Mounting plugin AssetManagerEditor
LogPluginManager: Mounting plugin CryptoKeys
LogPluginManager: Mounting plugin DataValidation
LogPluginManager: Mounting plugin FacialAnimation
LogPluginManager: Mounting plugin GameplayTagsEditor
LogPluginManager: Mounting plugin MacGraphicsSwitching
LogPluginManager: Mounting plugin MeshEditor
LogPluginManager: Mounting plugin MobileLauncherProfileWizard
LogPluginManager: Mounting plugin PluginBrowser
LogPluginManager: Mounting plugin SpeedTreeImporter
LogPluginManager: Mounting plugin DatasmithContent
LogPluginManager: Mounting plugin AlembicImporter
LogPluginManager: Mounting plugin AppleImageUtils
LogPluginManager: Mounting plugin AppleVision
LogPluginManager: Mounting plugin BackChannel
LogPluginManager: Mounting plugin CharacterAI
LogPluginManager: Mounting plugin GeometryCache
LogPluginManager: Mounting plugin HTML5Networking
LogPluginManager: Mounting plugin ProxyLODPlugin
LogPluginManager: Mounting plugin MagicLeap
LogPluginManager: Mounting plugin MagicLeapEmulator
LogPluginManager: Mounting plugin MagicLeapMedia
LogPluginManager: Mounting plugin AndroidMedia
LogPluginManager: Mounting plugin AvfMedia
LogPluginManager: Mounting plugin ImgMedia
LogPluginManager: Mounting plugin LinearTimecode
LogPluginManager: Mounting plugin MediaCompositing
LogPluginManager: Mounting plugin MediaPlayerEditor
LogPluginManager: Mounting plugin WmfMedia
LogPluginManager: Mounting plugin TcpMessaging
LogPluginManager: Mounting plugin UdpMessaging
LogPluginManager: Mounting plugin ActorSequence
LogPluginManager: Mounting plugin LevelSequenceEditor
LogPluginManager: Mounting plugin MatineeToLevelSequence
LogPluginManager: Mounting plugin NetcodeUnitTest
LogPluginManager: Mounting plugin NUTUnrealEngine4
LogPluginManager: Mounting plugin OnlineSubsystemGooglePlay
LogPluginManager: Mounting plugin OnlineSubsystemIOS
LogPluginManager: Mounting plugin OnlineSubsystem
LogPluginManager: Mounting plugin OnlineSubsystemNull
LogPluginManager: Mounting plugin OnlineSubsystemUtils
LogPluginManager: Mounting plugin LauncherChunkInstaller
LogPluginManager: Mounting plugin AndroidDeviceProfileSelector
LogPluginManager: Mounting plugin AndroidMoviePlayer
LogPluginManager: Mounting plugin AndroidPermission
LogPluginManager: Mounting plugin AppleMoviePlayer
LogPluginManager: Mounting plugin ArchVisCharacter
LogPluginManager: Mounting plugin AudioCapture
LogPluginManager: Mounting plugin CableComponent
LogPluginManager: Mounting plugin CustomMeshComponent
LogPluginManager: Mounting plugin EditableMesh
LogPluginManager: Mounting plugin ExampleDeviceProfileSelector
LogPluginManager: Mounting plugin GoogleCloudMessaging
LogPluginManager: Mounting plugin ImmediatePhysics
LogPluginManager: Mounting plugin IOSDeviceProfileSelector
LogPluginManager: Mounting plugin LinuxDeviceProfileSelector
LogPluginManager: Mounting plugin LocationServicesBPLibrary
LogPluginManager: Mounting plugin MobilePatchingUtils
LogPluginManager: Mounting plugin OculusVR
LogPluginManager: Plugin shader directory ../../../Engine/Plugins/Runtime/Oculus/OculusVR/Shaders found
LogPluginManager: Mapping shader source directory ../../../Engine/Plugins/Runtime/Oculus/OculusVR/Shaders to virtual directory /Plugin/OculusVR
LogPluginManager: Mounting plugin PhysXVehicles
LogPluginManager: Mounting plugin ProceduralMeshComponent
LogPluginManager: Mounting plugin RuntimePhysXCooking
LogPluginManager: Mounting plugin SteamVR
LogPluginManager: Mounting plugin WindowsMoviePlayer
LogStreaming: Display: Took  0.125s to configure plugins.
LogInit: Using libcurl 7.55.1-DEV
LogInit:  - built for x86_64-pc-win32
LogInit:  - supports SSL with OpenSSL/1.0.2h
LogInit:  - supports HTTP deflate (compression) using libz 1.2.8
LogInit:  - other features:
LogInit:      CURL_VERSION_SSL
LogInit:      CURL_VERSION_LIBZ
LogInit:      CURL_VERSION_IPV6
LogInit:      CURL_VERSION_ASYNCHDNS
LogInit:      CURL_VERSION_LARGEFILE
LogInit:      CURL_VERSION_IDN
LogInit:  CurlRequestOptions (configurable via config and command line):
LogInit:  - bVerifyPeer = false  - Libcurl will NOT verify peer certificate
LogInit:  - bUseHttpProxy = false  - Libcurl will NOT use HTTP proxy
LogInit:  - bDontReuseConnections = false  - Libcurl will reuse connections
LogInit:  - CertBundlePath = nullptr  - Libcurl will use whatever was configured at build time.
LogInit:  - MaxHostConnections = 16  - Libcurl will limit the number of connections to a host
LogInit:  - LocalHostAddr = Default
LogInit:  - BufferSize = 65536
LogInit: WinSock: version 1.1 (2.2), MaxSocks=32767, MaxUdp=65467
LogInit: Build: ++UE4+Release-4.20-CL-4369336
LogInit: Engine Version: 4.20.3-4369336+++UE4+Release-4.20
LogInit: Compatible Engine Version: 4.20.0-4212847+++UE4+Release-4.20
LogInit: Net CL: 4212847
LogInit: OS: Windows 10 (), CPU: Intel(R) Core(TM) i5-4460  CPU @ 3.20GHz, GPU: AMD Radeon (TM) R9 380 Series
LogInit: Compiled (64-bit): Sep 17 2018 12:26:19
LogInit: Compiled with Visual C++: 19.13.26129.00
LogInit: Build Configuration: Development
LogInit: Branch Name: ++UE4+Release-4.20
LogInit: Command Line:  
LogInit: Base Directory: G:/ArquivosDePrograma/UE_4.20/Engine/Binaries/Win64/
LogInit: Installed Engine Build: 1
LogDevObjectVersion: Number of dev versions registered: 20
LogDevObjectVersion:   Dev-Blueprints (B0D832E4-1F89-4F0D-ACCF-7EB736FD4AA2): 10
LogDevObjectVersion:   Dev-Build (E1C64328-A22C-4D53-A36C-8E866417BD8C): 0
LogDevObjectVersion:   Dev-Core (375EC13C-06E4-48FB-B500-84F0262A717E): 2
LogDevObjectVersion:   Dev-Editor (E4B068ED-F494-42E9-A231-DA0B2E46BB41): 24
LogDevObjectVersion:   Dev-Framework (CFFC743F-43B0-4480-9391-14DF171D2073): 34
LogDevObjectVersion:   Dev-Mobile (B02B49B5-BB20-44E9-A304-32B752E40360): 2
LogDevObjectVersion:   Dev-Networking (A4E4105C-59A1-49B5-A7C5-40C4547EDFEE): 0
LogDevObjectVersion:   Dev-Online (39C831C9-5AE6-47DC-9A44-9C173E1C8E7C): 0
LogDevObjectVersion:   Dev-Physics (78F01B33-EBEA-4F98-B9B4-84EACCB95AA2): 0
LogDevObjectVersion:   Dev-Platform (6631380F-2D4D-43E0-8009-CF276956A95A): 0
LogDevObjectVersion:   Dev-Rendering (12F88B9F-8875-4AFC-A67C-D90C383ABD29): 26
LogDevObjectVersion:   Dev-Sequencer (7B5AE74C-D270-4C10-A958-57980B212A5A): 9
LogDevObjectVersion:   Dev-VR (D7296918-1DD6-4BDD-9DE2-64A83CC13884): 2
LogDevObjectVersion:   Dev-LoadTimes (C2A15278-BFE7-4AFE-6C17-90FF531DF755): 1
LogDevObjectVersion:   Private-Geometry (6EACA3D4-40EC-4CC1-B786-8BED09428FC5): 3
LogDevObjectVersion:   Dev-AnimPhys (29E575DD-E0A3-4627-9D10-D276232CDCEA): 17
LogDevObjectVersion:   Dev-ReflectionCapture (6B266CEC-1EC7-4B8F-A30B-E4D90942FC07): 1
LogDevObjectVersion:   Dev-Automation (0DF73D61-A23F-47EA-B727-89E90C41499A): 1
LogDevObjectVersion:   FortniteMain (601D1886-AC64-4F84-AA16-D3DE0DEAC7D6): 12
LogDevObjectVersion:   Dev-Enterprise (9DFFBCD6-494F-0158-E221-12823C92A888): 1
LogStreaming: Display: Took  0.000s to delete old logs.
LogInit: Presizing for max 8388607 objects, including 0 objects not considered by GC, pre-allocating 0 bytes for permanent pool.
LogInit: Object subsystem initialized
[2018.10.07-13.10.04:020][  0]LogInit: Selected Device Profile: [Windows]
[2018.10.07-13.10.04:020][  0]LogInit: Applying CVar settings loaded from the selected device profile: [Windows]
[2018.10.07-13.10.04:029][  0]LogHAL: Display: Platform has ~ 16 GB [17080766464 / 17179869184 / 16], which maps to Larger [LargestMinGB=32, LargerMinGB=12, DefaultMinGB=8, SmallerMinGB=6, SmallestMinGB=0)
[2018.10.07-13.10.04:029][  0]LogInit: Setting Device Profile CVar: [[r.Vulkan.UseRealUBs:1]]
[2018.10.07-13.10.04:029][  0]LogInit: Going up to parent DeviceProfile []
[2018.10.07-13.10.04:030][  0]LogInit: Computer: ERICK-HIGA-PC
[2018.10.07-13.10.04:030][  0]LogInit: User: user
[2018.10.07-13.10.04:030][  0]LogInit: CPU Page size=4096, Cores=4
[2018.10.07-13.10.04:030][  0]LogInit: High frequency timer resolution =3.117781 MHz
[2018.10.07-13.10.04:030][  0]LogMemory: Memory total: Physical=15.9GB (16GB approx)
[2018.10.07-13.10.04:030][  0]LogMemory: Platform Memory Stats for Windows
[2018.10.07-13.10.04:030][  0]LogMemory: Process Physical Memory: 100.02 MB used, 100.02 MB peak
[2018.10.07-13.10.04:030][  0]LogMemory: Process Virtual Memory: 90.86 MB used, 90.86 MB peak
[2018.10.07-13.10.04:030][  0]LogMemory: Physical Memory: 6949.59 MB used,  9339.90 MB free, 16289.49 MB total
[2018.10.07-13.10.04:030][  0]LogMemory: Virtual Memory: 482.00 MB used,  9339.90 MB free, 134217728.00 MB total
[2018.10.07-13.10.04:052][  0]LogInit: Overriding language with editor language configuration option (en).
[2018.10.07-13.10.04:052][  0]LogInit: Overriding locale with editor locale configuration option (en).
[2018.10.07-13.10.04:463][  0]LogStreaming: Display: Took  0.412s to InitEngineTextLocalization.
[2018.10.07-13.10.04:464][  0]LogInit: Setting process to per monitor DPI aware
[2018.10.07-13.10.04:480][  0]LogSlate: New Slate User Created.  User Index 0, Is Virtual User: 0
[2018.10.07-13.10.04:480][  0]LogSlate: Slate User Registered.  User Index 0, Is Virtual User: 0
[2018.10.07-13.10.04:715][  0]LogHMD: Failed to initialize OpenVR with code 126
[2018.10.07-13.10.04:715][  0]LogD3D11RHI: D3D11 adapters:
[2018.10.07-13.10.04:739][  0]LogD3D11RHI:    0. 'AMD Radeon (TM) R9 380 Series' (Feature Level 11_0)
[2018.10.07-13.10.04:739][  0]LogD3D11RHI:       2023/0/8144 MB DedicatedVideo/DedicatedSystem/SharedSystem, Outputs:1, VendorId:0x1002
[2018.10.07-13.10.04:740][  0]LogD3D11RHI:    1. 'Microsoft Basic Render Driver' (Feature Level 11_0)
[2018.10.07-13.10.04:740][  0]LogD3D11RHI:       0/0/8144 MB DedicatedVideo/DedicatedSystem/SharedSystem, Outputs:0, VendorId:0x1414
[2018.10.07-13.10.04:740][  0]LogD3D11RHI: Chosen D3D11 Adapter: 0
[2018.10.07-13.10.04:747][  0]LogD3D11RHI: Creating new Direct3DDevice
[2018.10.07-13.10.04:747][  0]LogD3D11RHI:     GPU DeviceId: 0x6939 (for the marketing name, search the web for "GPU Device Id")
[2018.10.07-13.10.04:747][  0]LogWindows: EnumDisplayDevices:
[2018.10.07-13.10.04:748][  0]LogWindows:    0. 'AMD Radeon (TM) R9 380 Series' (P:1 D:1)
[2018.10.07-13.10.04:748][  0]LogWindows:    1. 'AMD Radeon (TM) R9 380 Series' (P:0 D:0)
[2018.10.07-13.10.04:748][  0]LogWindows:    2. 'AMD Radeon (TM) R9 380 Series' (P:0 D:0)
[2018.10.07-13.10.04:748][  0]LogWindows:    3. 'AMD Radeon (TM) R9 380 Series' (P:0 D:0)
[2018.10.07-13.10.04:749][  0]LogWindows:    4. 'AMD Radeon (TM) R9 380 Series' (P:0 D:0)
[2018.10.07-13.10.04:749][  0]LogWindows:    5. 'AMD Radeon (TM) R9 380 Series' (P:0 D:0)
[2018.10.07-13.10.04:749][  0]LogWindows: DebugString: FoundDriverCount:6 
[2018.10.07-13.10.04:749][  0]LogD3D11RHI:     Adapter Name: AMD Radeon (TM) R9 380 Series
[2018.10.07-13.10.04:749][  0]LogD3D11RHI:   Driver Version: Crimson ReLive 17.9.1 (internal:22.19.676.0, unified:22.19.676.0)
[2018.10.07-13.10.04:749][  0]LogD3D11RHI:      Driver Date: 9-5-2017
[2018.10.07-13.10.04:749][  0]LogRHI: Texture pool is 1416 MB (70% of 2023 MB)
[2018.10.07-13.10.04:789][  0]LogD3D11RHI: Async texture creation enabled
[2018.10.07-13.10.04:799][  0]LogD3D11RHI: GPU Timing Frequency: 27.000000 (Debug: 2 1)
[2018.10.07-13.10.04:799][  0]LogShaderCompilers: Guid format shader working directory is 2 characters bigger than the processId version (../../../../../UnrealProjects/GeometryFight/Intermediate/Shaders/WorkingDirectory/7028/).
[2018.10.07-13.10.04:800][  0]LogShaderCompilers: Cleaned the shader compiler working directory 'C:/Users/user/AppData/Local/Temp/UnrealShaderWorkingDir/14D095AC40ACAC47324C18838C82782E/'.
[2018.10.07-13.10.05:117][  0]LogTemp: Display: Loaded TP AllDesktopTargetPlatform
[2018.10.07-13.10.05:130][  0]LogTemp: Display: Loaded TP MacClientTargetPlatform
[2018.10.07-13.10.05:144][  0]LogTemp: Display: Loaded TP MacNoEditorTargetPlatform
[2018.10.07-13.10.05:158][  0]LogTemp: Display: Loaded TP MacServerTargetPlatform
[2018.10.07-13.10.05:172][  0]LogTemp: Display: Loaded TP MacTargetPlatform
[2018.10.07-13.10.05:186][  0]LogTemp: Display: Loaded TP WindowsClientTargetPlatform
[2018.10.07-13.10.05:200][  0]LogTemp: Display: Loaded TP WindowsNoEditorTargetPlatform
[2018.10.07-13.10.05:214][  0]LogTemp: Display: Loaded TP WindowsServerTargetPlatform
[2018.10.07-13.10.05:220][  0]LogTemp: Display: Loaded TP WindowsTargetPlatform
[2018.10.07-13.10.05:303][  0]LogTemp: Display: Loaded TP AndroidTargetPlatform
[2018.10.07-13.10.05:303][  0]LogTemp: Display: Loaded TP AndroidTargetPlatform
[2018.10.07-13.10.05:303][  0]LogTemp: Display: Loaded TP AndroidTargetPlatform
[2018.10.07-13.10.05:303][  0]LogTemp: Display: Loaded TP AndroidTargetPlatform
[2018.10.07-13.10.05:303][  0]LogTemp: Display: Loaded TP AndroidTargetPlatform
[2018.10.07-13.10.05:303][  0]LogTemp: Display: Loaded TP AndroidTargetPlatform
[2018.10.07-13.10.05:304][  0]LogTemp: Display: Loaded TP AndroidTargetPlatform
[2018.10.07-13.10.05:304][  0]LogTemp: Display: Loaded TP AndroidTargetPlatform
[2018.10.07-13.10.05:304][  0]LogTemp: Display: Loaded TP AndroidTargetPlatform
[2018.10.07-13.10.05:304][  0]LogTemp: Display: Loaded TP AndroidTargetPlatform
[2018.10.07-13.10.05:304][  0]LogTemp: Display: Loaded TP AndroidTargetPlatform
[2018.10.07-13.10.05:304][  0]LogTemp: Display: Loaded TP AndroidTargetPlatform
[2018.10.07-13.10.05:304][  0]LogTemp: Display: Loaded TP AndroidTargetPlatform
[2018.10.07-13.10.05:304][  0]LogTemp: Display: Loaded TP AndroidTargetPlatform
[2018.10.07-13.10.05:304][  0]LogTemp: Display: Loaded TP AndroidTargetPlatform
[2018.10.07-13.10.05:304][  0]LogTemp: Display: Loaded TP AndroidTargetPlatform
[2018.10.07-13.10.05:304][  0]LogTemp: Display: Loaded TP AndroidTargetPlatform
[2018.10.07-13.10.05:304][  0]LogTemp: Display: Loaded TP AndroidTargetPlatform
[2018.10.07-13.10.05:305][  0]LogTemp: Display: Loaded TP HTML5TargetPlatform
[2018.10.07-13.10.05:365][  0]LogTemp: Display: Loaded TP IOSTargetPlatform
[2018.10.07-13.10.05:365][  0]LogTemp: Display: Loaded TP IOSTargetPlatform
[2018.10.07-13.10.05:390][  0]LogTemp: Display: Loaded TP TVOSTargetPlatform
[2018.10.07-13.10.05:390][  0]LogTemp: Display: Loaded TP TVOSTargetPlatform
[2018.10.07-13.10.05:403][  0]LogTemp: Display: Loaded TP LinuxClientTargetPlatform
[2018.10.07-13.10.05:416][  0]LogTemp: Display: Loaded TP LinuxNoEditorTargetPlatform
[2018.10.07-13.10.05:428][  0]LogTemp: Display: Loaded TP LinuxServerTargetPlatform
[2018.10.07-13.10.05:442][  0]LogTemp: Display: Loaded TP LinuxTargetPlatform
[2018.10.07-13.10.05:451][  0]LogTemp: Display: Loaded TP LuminTargetPlatform
[2018.10.07-13.10.05:601][  0]LogTargetPlatformManager: Display: Building Assets For Windows
[2018.10.07-13.10.05:656][  0]LogXGEController: Cleaning working directory: C:/Users/user/AppData/Local/Temp/UnrealXGEWorkingDir/
[2018.10.07-13.10.05:656][  0]LogXGEController: Cannot use XGE Controller as Incredibuild is not installed on this machine.
[2018.10.07-13.10.05:656][  0]LogShaderCompilers: Cannot use XGE Shader Compiler as Incredibuild is not installed on this machine.
[2018.10.07-13.10.05:656][  0]LogShaderCompilers: Display: Using Local Shader Compiler.
[2018.10.07-13.10.06:436][  0]LogDerivedDataCache: Display: Max Cache Size: 512 MB
[2018.10.07-13.10.06:500][  0]LogDerivedDataCache: Loaded boot cache 0.06s 71MB C:/Users/user/AppData/Local/UnrealEngine/4.20/DerivedDataCache/Boot.ddc.
[2018.10.07-13.10.06:501][  0]LogDerivedDataCache: Display: Loaded Boot cache: C:/Users/user/AppData/Local/UnrealEngine/4.20/DerivedDataCache/Boot.ddc
[2018.10.07-13.10.06:501][  0]LogDerivedDataCache: FDerivedDataBackendGraph:  Pak pak cache file ../../../../../UnrealProjects/GeometryFight/DerivedDataCache/DDC.ddp not found, will not use a pak cache.
[2018.10.07-13.10.06:501][  0]LogDerivedDataCache: Unable to find inner node Pak for hierarchical cache Hierarchy.
[2018.10.07-13.10.06:501][  0]LogDerivedDataCache: FDerivedDataBackendGraph:  CompressedPak pak cache file ../../../../../UnrealProjects/GeometryFight/DerivedDataCache/Compressed.ddp not found, will not use a pak cache.
[2018.10.07-13.10.06:501][  0]LogDerivedDataCache: Unable to find inner node CompressedPak for hierarchical cache Hierarchy.
[2018.10.07-13.10.06:515][  0]LogDerivedDataCache: Display: Pak cache opened for reading ../../../Engine/DerivedDataCache/Compressed.ddp.
[2018.10.07-13.10.06:527][  0]LogDerivedDataCache: Using Local data cache path C:/Users/user/AppData/Local/UnrealEngine/Common/DerivedDataCache: Writable
[2018.10.07-13.10.06:527][  0]LogDerivedDataCache: Shared data cache path not found in *engine.ini, will not use an Shared cache.
[2018.10.07-13.10.06:527][  0]LogDerivedDataCache: Unable to find inner node Shared for hierarchical cache Hierarchy.
[2018.10.07-13.10.06:548][  0]LogMaterial: Verifying Global Shaders for PCD3D_SM5
[2018.10.07-13.10.06:550][  0]LogSlate: Using FreeType 2.6.0
[2018.10.07-13.10.06:550][  0]LogSlate: SlateFontServices - WITH_FREETYPE: 1, WITH_HARFBUZZ: 1
[2018.10.07-13.10.06:636][  0]LogAssetRegistry: FAssetRegistry took 0.0271 seconds to start up
[2018.10.07-13.10.06:952][  0]LogInit: Selected Device Profile: [Windows]
[2018.10.07-13.10.07:086][  0]LogSimplygon: Simplygon DLL not present - disabling.
[2018.10.07-13.10.07:089][  0]LogMeshReduction: Using SimplygonSwarm for distributed automatic mesh merging
[2018.10.07-13.10.07:090][  0]LogMeshReduction: Using ProxyLODMeshReduction for automatic mesh merging
[2018.10.07-13.10.07:090][  0]LogMeshReduction: Using QuadricMeshReduction for automatic static mesh reduction
[2018.10.07-13.10.07:090][  0]LogMeshReduction: No automatic skeletal mesh reduction module available
[2018.10.07-13.10.07:101][  0]LogNetVersion: GeometryFight 1.0.0, NetCL: 4212847, EngineNetVer: 5, GameNetVer: 0 (Checksum: 4048855847)
[2018.10.07-13.10.07:545][  0]LogPackageLocalizationCache: Processed 11 localized package path(s) for 1 prioritized culture(s) in 0.046182 seconds
[2018.10.07-13.10.07:552][  0]LogUObjectArray: 38425 objects as part of root set at end of initial load.
[2018.10.07-13.10.07:552][  0]LogUObjectAllocator: 6690872 out of 0 bytes used by permanent object pool.
[2018.10.07-13.10.07:552][  0]LogUObjectArray: CloseDisregardForGC: 0/0 objects in disregard for GC pool
[2018.10.07-13.10.08:492][  0]LogTcpMessaging: Initializing TcpMessaging bridge
[2018.10.07-13.10.08:506][  0]LogUdpMessaging: Initializing bridge on interface 0.0.0.0:0 to multicast group 230.0.0.1:6666.
[2018.10.07-13.10.08:650][  0]SourceControl: Source control is disabled
[2018.10.07-13.10.08:650][  0]SourceControl: Source control is disabled
[2018.10.07-13.10.08:652][  0]SourceControl: Source control is disabled
[2018.10.07-13.10.08:653][  0]SourceControl: Source control is disabled
[2018.10.07-13.10.08:817][  0]LogAndroidPermission: UAndroidPermissionCallbackProxy::GetInstance
[2018.10.07-13.10.08:872][  0]LogOcInput: OculusInput pre-init called
[2018.10.07-13.10.08:931][  0]LogEngine: Initializing Engine...
[2018.10.07-13.10.08:950][  0]LogHMD: Failed to initialize OpenVR with code 126
[2018.10.07-13.10.08:951][  0]LogStats: UGameplayTagsManager::ConstructGameplayTagTree: ImportINI prefixes -  0.000 s
[2018.10.07-13.10.08:951][  0]LogStats: UGameplayTagsManager::ConstructGameplayTagTree: Construct from data asset -  0.000 s
[2018.10.07-13.10.08:951][  0]LogStats: UGameplayTagsManager::ConstructGameplayTagTree: ImportINI -  0.000 s
[2018.10.07-13.10.08:951][  0]LogStats: UGameplayTagsManager::ConstructGameplayTagTree: GameplayTagTreeChangedEvent.Broadcast -  0.000 s
[2018.10.07-13.10.09:168][  0]LogInit: Initializing FReadOnlyCVARCache
[2018.10.07-13.10.09:180][  0]LogAIModule: Creating AISystem for world Untitled
[2018.10.07-13.10.09:198][  0]LogInit: XAudio2 using '3 - M2380D (AMD High Definition Audio Device)' : 2 channels at 48 kHz using 16 bits per sample (channel mask 0x3)
[2018.10.07-13.10.09:208][  0]LogInit: FAudioDevice initialized.
[2018.10.07-13.10.09:208][  0]LogNetVersion: Set ProjectVersion to 1.0.0.0. Version Checksum will be recalculated on next use.
[2018.10.07-13.10.09:278][  0]LogDerivedDataCache: Saved boot cache 0.07s 71MB C:/Users/user/AppData/Local/UnrealEngine/4.20/DerivedDataCache/Boot.ddc.
[2018.10.07-13.10.09:287][  0]LogInit: Texture streaming: Enabled
[2018.10.07-13.10.09:304][  0]LogEngineSessionManager: EngineSessionManager initialized
[2018.10.07-13.10.09:304][  0]LogEngineSessionManager: EngineSessionManager sent abnormal shutdown report. Type=AbnormalShutdown, SessionId={5608DC45-41AA-B946-E355-CA91200E20F1}
[2018.10.07-13.10.09:347][  0]LogInit: Transaction tracking system initialized
[2018.10.07-13.10.09:366][  0]BlueprintLog: New page: Editor Load
[2018.10.07-13.10.09:433][  0]LocalizationService: Localization service is disabled
[2018.10.07-13.10.09:659][  0]LogCook: Display: Max memory allowance for cook 16384mb min free memory 0mb
[2018.10.07-13.10.09:659][  0]LogCook: Display: Mobile HDR setting 1
[2018.10.07-13.10.09:659][  0]LogGameplayTags: Display: UGameplayTagsManager::DoneAddingNativeTags. DelegateIsBound: 0
[2018.10.07-13.10.09:659][  0]LogStats: UGameplayTagsManager::ConstructGameplayTagTree: ImportINI prefixes -  0.000 s
[2018.10.07-13.10.09:659][  0]LogStats: UGameplayTagsManager::ConstructGameplayTagTree: Construct from data asset -  0.000 s
[2018.10.07-13.10.09:659][  0]LogStats: UGameplayTagsManager::ConstructGameplayTagTree: ImportINI -  0.000 s
[2018.10.07-13.10.09:659][  0]LogStats: UGameplayTagsManager::ConstructGameplayTagTree: GameplayTagTreeChangedEvent.Broadcast -  0.000 s
[2018.10.07-13.10.09:766][  0]LogFileCache: Scanning file cache for directory 'G:/UnrealProjects/GeometryFight/Content/' took 0.01s
[2018.10.07-13.10.09:766][  0]SourceControl: Source control is disabled
[2018.10.07-13.10.09:766][  0]Cmd: MAP LOAD FILE="../../../../../UnrealProjects/GeometryFight/Content/SideScrollerBP/Maps/SideScrollerExampleMap.umap" TEMPLATE=0 SHOWPROGRESS=1 FEATURELEVEL=3
[2018.10.07-13.10.09:767][  0]LightingResults: New page: Lighting Build
[2018.10.07-13.10.09:769][  0]MapCheck: New page: Map Check
[2018.10.07-13.10.09:769][  0]LightingResults: New page: Lighting Build
[2018.10.07-13.10.10:124][  0]LogAIModule: Creating AISystem for world SideScrollerExampleMap
[2018.10.07-13.10.10:134][  0]LogEditorServer: Finished looking for orphan Actors (0.000 secs)
[2018.10.07-13.10.10:598][  0]Cmd: MAP CHECKDEP NOCLEARLOG
[2018.10.07-13.10.10:654][  0]MapCheck: Map check complete: 0 Error(s), 0 Warning(s), took 56.102ms to complete.
[2018.10.07-13.10.10:654][  0]LogFileHelpers: Loading map 'SideScrollerExampleMap' took 0.888
[2018.10.07-13.10.10:744][  0]LogSlate: Updating window title bar state: overlay mode, drag disabled, window buttons hidden, title bar hidden
[2018.10.07-13.10.10:752][  0]LogSlate: Updating window title bar state: overlay mode, drag disabled, window buttons hidden, title bar hidden
[2018.10.07-13.10.10:759][  0]LogSlate: Updating window title bar state: overlay mode, drag disabled, window buttons hidden, title bar hidden
[2018.10.07-13.10.10:767][  0]LogSlate: Updating window title bar state: overlay mode, drag disabled, window buttons hidden, title bar hidden
[2018.10.07-13.10.10:772][  0]LogCollectionManager: Loaded 0 collections in 0.001324 seconds
[2018.10.07-13.10.10:813][  0]LogFileCache: Scanning file cache for directory 'G:/UnrealProjects/GeometryFight/Saved/Collections/' took 0.01s
[2018.10.07-13.10.10:813][  0]LogFileCache: Scanning file cache for directory 'G:/UnrealProjects/GeometryFight/Content/Developers/user/Collections/' took 0.01s
[2018.10.07-13.10.10:813][  0]LogFileCache: Scanning file cache for directory 'G:/UnrealProjects/GeometryFight/Content/Collections/' took 0.01s
[2018.10.07-13.10.10:813][  0]LogCollectionManager: Rebuilt the GUID cache for 0 collections in 0.000000 seconds
[2018.10.07-13.10.10:822][  0]LogContentBrowser: Native class hierarchy populated in 0.0091 seconds. Added 2572 classes and 603 folders.
[2018.10.07-13.10.10:828][  0]LogContentBrowser: Native class hierarchy updated for 'WidgetCarousel' in 0.0002 seconds. Added 0 classes and 0 folders.
[2018.10.07-13.10.10:884][  0]LogContentBrowser: Native class hierarchy updated for 'AddContentDialog' in 0.0003 seconds. Added 0 classes and 0 folders.
[2018.10.07-13.10.10:888][  0]LogContentBrowser: Native class hierarchy updated for 'SceneOutliner' in 0.0003 seconds. Added 1 classes and 2 folders.
[2018.10.07-13.10.11:928][  0]LogSlate: Only BGRA pngs, bmps or icos are supported in by External Image Picker
[2018.10.07-13.10.11:953][  0]LogSlate: Took 0.000206 seconds to synchronously load lazily loaded font '../../../Engine/Content/Slate/Fonts/Roboto-Regular.ttf' (155K)
[2018.10.07-13.10.11:955][  0]LogSlate: Took 0.000222 seconds to synchronously load lazily loaded font '../../../Engine/Content/Slate/Fonts/Roboto-Bold.ttf' (160K)
[2018.10.07-13.10.11:961][  0]LogSlate: Took 0.000274 seconds to synchronously load lazily loaded font '../../../Engine/Content/Editor/Slate/Fonts/FontAwesome.ttf' (139K)
[2018.10.07-13.10.12:040][  0]LogRenderer: Reallocating scene render targets to support 1208x576 Format 10 NumSamples 1 (Frame:1).
[2018.10.07-13.10.12:260][  0]LogTemp: Executing iPhonePackager certificates Engine -bundlename com.YourCompany.GeometryFight
[2018.10.07-13.10.12:260][  0]LogTemp: CWD: G:\ArquivosDePrograma\UE_4.20\Engine\Binaries\DotNET\IOS
[2018.10.07-13.10.12:260][  0]LogTemp: Initial Dir: G:\ArquivosDePrograma\UE_4.20
[2018.10.07-13.10.12:260][  0]LogTemp: Env CWD: G:\ArquivosDePrograma\UE_4.20\Engine\Binaries\DotNET\IOS
[2018.10.07-13.10.12:260][  0]LogTemp: BranchPath = ERICK-HIGA-PC/G/ArquivosDePrograma/UE_4.20/Engine/Binaries --- GameBranchPath = ERICK-HIGA-PC/G/ArquivosDePrograma/UE_4.20/Engine/Binaries
[2018.10.07-13.10.12:260][  0]LogTemp: IPP ERROR: Could not find provision directory 'C:\Users\user\AppData\Local/Apple Computer/MobileDevice/Provisioning Profiles/'.
[2018.10.07-13.10.12:276][  0]LogContentBrowser: Native class hierarchy updated for 'HierarchicalLODOutliner' in 0.0003 seconds. Added 0 classes and 0 folders.
[2018.10.07-13.10.12:276][  0]LogLoad: (Engine Initialization) Total time: 9.95 seconds
[2018.10.07-13.10.12:276][  0]LogLoad: (Engine Initialization) Total Blueprint compile time: 0.00 seconds
[2018.10.07-13.10.12:345][  0]LogContentStreaming: Texture pool size now 1000 MB
[2018.10.07-13.10.12:480][  0]LogSlate: Took 0.000274 seconds to synchronously load lazily loaded font '../../../Engine/Content/Slate/Fonts/Roboto-Light.ttf' (167K)
[2018.10.07-13.10.12:578][  2]LogAssetRegistry: Asset discovery search completed in 5.9643 seconds
[2018.10.07-13.10.12:580][  2]LogCollectionManager: Rebuilt the object cache for 0 collections in 0.000000 seconds (found 0 objects)
[2018.10.07-13.10.12:580][  2]LogCollectionManager: Fixed up redirectors for 0 collections in 0.000132 seconds (updated 0 objects)
[2018.10.07-13.10.13:901][  6]LogSlate: FSceneViewport::OnFocusLost() reason 0
[2018.10.07-13.10.13:904][  6]LogSlate: Took 0.000290 seconds to synchronously load lazily loaded font '../../../Engine/Content/Slate/Fonts/Roboto-Light.ttf' (167K)
[2018.10.07-13.10.21:246][676]LogEditorViewport: Clicking on Actor (LMB): StaticMeshActor (Floor)
[2018.10.07-13.10.22:753][840]LogEditorViewport: Clicking on Actor (LMB): BP_Character1_C (BP_Character1)
[2018.10.07-13.10.23:686][934]LogSlate: FSceneViewport::OnFocusLost() reason 0
[2018.10.07-13.10.23:785][945]LogAssetEditorManager: Opening Asset editor for Blueprint /Game/SideScrollerBP/Blueprints/BP_Character1.BP_Character1
[2018.10.07-13.10.24:242][945]LogContentBrowser: Native class hierarchy updated for 'BlueprintGraph' in 0.0006 seconds. Added 116 classes and 0 folders.
[2018.10.07-13.10.25:048][945]LogSlate: Took 0.000243 seconds to synchronously load lazily loaded font '../../../Engine/Content/Slate/Fonts/Roboto-BoldCondensed.ttf' (158K)
[2018.10.07-13.10.25:231][946]LogSlate: Took 0.000263 seconds to synchronously load lazily loaded font '../../../Engine/Content/Slate/Fonts/Roboto-Italic.ttf' (157K)
[2018.10.07-13.10.27:627][163]LogSlate: Window 'BP_Character1' being destroyed
[2018.10.07-13.10.39:578][495]BlueprintLog: New page: Compile BP_Character1
[2018.10.07-13.13.11:534][557]BlueprintLog: New page: Compile BP_Character1
[2018.10.07-13.13.20:801][598]BlueprintLog: New page: Compile BP_Character1
[2018.10.07-13.20.13:017][841]LogSavePackage: Moving '../../../../../UnrealProjects/GeometryFight/Saved/SideScrollerExampleMap_Auto1EB32085742790316BF5A4988D5ABD6D4.tmp' to '../../../../../UnrealProjects/GeometryFight/Saved/Autosaves/Game/SideScrollerBP/Maps/SideScrollerExampleMap_Auto1.umap'
[2018.10.07-13.20.13:028][841]LogFileHelpers: Editor autosave (incl. sublevels) for '/Game/SideScrollerBP/Maps/SideScrollerExampleMap' took 0.490
[2018.10.07-13.20.13:029][841]LogFileHelpers: Editor autosave (incl. sublevels) for all levels took 0.490
[2018.10.07-13.20.13:032][841]OBJ SavePackage: Generating thumbnails for [1] asset(s) in package [/Game/SideScrollerBP/Blueprints/BP_Character1] ([1] browsable assets)...
[2018.10.07-13.20.13:060][841]OBJ SavePackage:     Rendered thumbnail for [Blueprint /Game/SideScrollerBP/Blueprints/BP_Character1.BP_Character1]
[2018.10.07-13.20.13:061][841]OBJ SavePackage: Finished generating thumbnails for package [/Game/SideScrollerBP/Blueprints/BP_Character1]
[2018.10.07-13.20.13:172][841]LogSavePackage: Moving '../../../../../UnrealProjects/GeometryFight/Saved/BP_Character1_Auto10F5F49374A3D29B18B564C9FDC61BAB1.tmp' to '../../../../../UnrealProjects/GeometryFight/Saved/Autosaves/Game/SideScrollerBP/Blueprints/BP_Character1_Auto1.uasset'
[2018.10.07-13.20.13:179][841]LogFileHelpers: Auto-saving content packages took 0.149
[2018.10.07-13.49.58:280][785]LogTemp: Repeating last play command: Selected Viewport
[2018.10.07-13.49.58:306][785]LogBlueprintUserMessages: Early PlayInEditor Detection: Level '/Game/SideScrollerBP/Maps/SideScrollerExampleMap.SideScrollerExampleMap:PersistentLevel' has LevelScriptBlueprint '/Game/SideScrollerBP/Maps/SideScrollerExampleMap.SideScrollerExampleMap:PersistentLevel.SideScrollerExampleMap' with GeneratedClass '/Game/SideScrollerBP/Maps/SideScrollerExampleMap.SideScrollerExampleMap_C' with ClassGeneratedBy '/Game/SideScrollerBP/Maps/SideScrollerExampleMap.SideScrollerExampleMap:PersistentLevel.SideScrollerExampleMap'
[2018.10.07-13.49.58:306][785]LogPlayLevel: PlayLevel: No blueprints needed recompiling
[2018.10.07-13.49.58:318][785]PIE: New page: PIE session: SideScrollerExampleMap (Oct 7, 2018, 7:49:58 AM)
[2018.10.07-13.49.58:318][785]LogPlayLevel: Creating play world package: /Game/SideScrollerBP/Maps/UEDPIE_0_SideScrollerExampleMap
[2018.10.07-13.49.58:336][785]LogPlayLevel: PIE: StaticDuplicateObject took: (0.018202s)
[2018.10.07-13.49.58:337][785]LogAIModule: Creating AISystem for world SideScrollerExampleMap
[2018.10.07-13.49.58:337][785]LogPlayLevel: PIE: World Init took: (0.001023s)
[2018.10.07-13.49.58:337][785]LogPlayLevel: PIE: Created PIE world by copying editor world from /Game/SideScrollerBP/Maps/SideScrollerExampleMap.SideScrollerExampleMap to /Game/SideScrollerBP/Maps/UEDPIE_0_SideScrollerExampleMap.SideScrollerExampleMap (0.019426s)
[2018.10.07-13.49.58:374][785]LogInit: XAudio2 using '3 - M2380D (AMD High Definition Audio Device)' : 2 channels at 48 kHz using 16 bits per sample (channel mask 0x3)
[2018.10.07-13.49.58:379][785]LogInit: FAudioDevice initialized.
[2018.10.07-13.49.58:437][785]LogLoad: Game class is 'SideScrollerGameMode_C'
[2018.10.07-13.49.58:440][785]LogWorld: Bringing World /Game/SideScrollerBP/Maps/UEDPIE_0_SideScrollerExampleMap.SideScrollerExampleMap up for play (max tick rate 0) at 2018.10.07-10.49.58
[2018.10.07-13.49.58:440][785]LogWorld: Bringing up level for play took: 0.001413
[2018.10.07-13.49.58:461][785]LogContentBrowser: Native class hierarchy updated for 'MovieSceneCapture' in 0.0004 seconds. Added 10 classes and 0 folders.
[2018.10.07-13.49.58:462][785]PIE: Play in editor start time for /Game/SideScrollerBP/Maps/UEDPIE_0_SideScrollerExampleMap 1.135
[2018.10.07-13.49.58:462][785]LogBlueprintUserMessages: Late PlayInEditor Detection: Level '/Game/SideScrollerBP/Maps/SideScrollerExampleMap.SideScrollerExampleMap:PersistentLevel' has LevelScriptBlueprint '/Game/SideScrollerBP/Maps/SideScrollerExampleMap.SideScrollerExampleMap:PersistentLevel.SideScrollerExampleMap' with GeneratedClass '/Game/SideScrollerBP/Maps/SideScrollerExampleMap.SideScrollerExampleMap_C' with ClassGeneratedBy '/Game/SideScrollerBP/Maps/SideScrollerExampleMap.SideScrollerExampleMap:PersistentLevel.SideScrollerExampleMap'
[2018.10.07-13.50.01:614][154]LogBlueprintUserMessages: [BP_Character1_2] 2
[2018.10.07-13.50.02:056][207]LogBlueprintUserMessages: Early EndPlayMap Detection: Level '/Game/SideScrollerBP/Maps/SideScrollerExampleMap.SideScrollerExampleMap:PersistentLevel' has LevelScriptBlueprint '/Game/SideScrollerBP/Maps/SideScrollerExampleMap.SideScrollerExampleMap:PersistentLevel.SideScrollerExampleMap' with GeneratedClass '/Game/SideScrollerBP/Maps/SideScrollerExampleMap.SideScrollerExampleMap_C' with ClassGeneratedBy '/Game/SideScrollerBP/Maps/SideScrollerExampleMap.SideScrollerExampleMap:PersistentLevel.SideScrollerExampleMap'
[2018.10.07-13.50.02:057][207]LogSlate: Updating window title bar state: overlay mode, drag disabled, window buttons hidden, title bar hidden
[2018.10.07-13.50.02:092][207]LogPlayLevel: Display: Shutting down PIE online subsystems
[2018.10.07-13.50.02:092][207]LogBlueprintUserMessages: Late EndPlayMap Detection: Level '/Game/SideScrollerBP/Maps/SideScrollerExampleMap.SideScrollerExampleMap:PersistentLevel' has LevelScriptBlueprint '/Game/SideScrollerBP/Maps/SideScrollerExampleMap.SideScrollerExampleMap:PersistentLevel.SideScrollerExampleMap' with GeneratedClass '/Game/SideScrollerBP/Maps/SideScrollerExampleMap.SideScrollerExampleMap_C' with ClassGeneratedBy '/Game/SideScrollerBP/Maps/SideScrollerExampleMap.SideScrollerExampleMap:PersistentLevel.SideScrollerExampleMap'
[2018.10.07-13.50.02:122][207]LogSlate: Updating window title bar state: overlay mode, drag disabled, window buttons hidden, title bar hidden
[2018.10.07-13.50.02:176][209]LogPlayLevel: Display: Destroying online subsystem :Context_5
[2018.10.07-13.50.02:769][280]LogSlate: FSceneViewport::OnFocusLost() reason 0
[2018.10.07-13.50.09:647][ 79]BlueprintLog: New page: Compile BP_Character1
[2018.10.07-13.50.11:220][226]LogTemp: Repeating last play command: Selected Viewport
[2018.10.07-13.50.11:249][226]LogBlueprintUserMessages: Early PlayInEditor Detection: Level '/Game/SideScrollerBP/Maps/SideScrollerExampleMap.SideScrollerExampleMap:PersistentLevel' has LevelScriptBlueprint '/Game/SideScrollerBP/Maps/SideScrollerExampleMap.SideScrollerExampleMap:PersistentLevel.SideScrollerExampleMap' with GeneratedClass '/Game/SideScrollerBP/Maps/SideScrollerExampleMap.SideScrollerExampleMap_C' with ClassGeneratedBy '/Game/SideScrollerBP/Maps/SideScrollerExampleMap.SideScrollerExampleMap:PersistentLevel.SideScrollerExampleMap'
[2018.10.07-13.50.11:249][226]LogPlayLevel: PlayLevel: No blueprints needed recompiling
[2018.10.07-13.50.11:249][226]PIE: New page: PIE session: SideScrollerExampleMap (Oct 7, 2018, 7:50:11 AM)
[2018.10.07-13.50.11:250][226]LogPlayLevel: Creating play world package: /Game/SideScrollerBP/Maps/UEDPIE_0_SideScrollerExampleMap
[2018.10.07-13.50.11:264][226]LogPlayLevel: PIE: StaticDuplicateObject took: (0.014801s)
[2018.10.07-13.50.11:265][226]LogAIModule: Creating AISystem for world SideScrollerExampleMap
[2018.10.07-13.50.11:265][226]LogPlayLevel: PIE: World Init took: (0.000866s)
[2018.10.07-13.50.11:265][226]LogPlayLevel: PIE: Created PIE world by copying editor world from /Game/SideScrollerBP/Maps/SideScrollerExampleMap.SideScrollerExampleMap to /Game/SideScrollerBP/Maps/UEDPIE_0_SideScrollerExampleMap.SideScrollerExampleMap (0.015835s)
[2018.10.07-13.50.11:294][226]LogInit: XAudio2 using '3 - M2380D (AMD High Definition Audio Device)' : 2 channels at 48 kHz using 16 bits per sample (channel mask 0x3)
[2018.10.07-13.50.11:299][226]LogInit: FAudioDevice initialized.
[2018.10.07-13.50.11:345][226]LogLoad: Game class is 'SideScrollerGameMode_C'
[2018.10.07-13.50.11:347][226]LogWorld: Bringing World /Game/SideScrollerBP/Maps/UEDPIE_0_SideScrollerExampleMap.SideScrollerExampleMap up for play (max tick rate 0) at 2018.10.07-10.50.11
[2018.10.07-13.50.11:348][226]LogWorld: Bringing up level for play took: 0.001493
[2018.10.07-13.50.11:360][226]PIE: Play in editor start time for /Game/SideScrollerBP/Maps/UEDPIE_0_SideScrollerExampleMap 0.033
[2018.10.07-13.50.11:360][226]LogBlueprintUserMessages: Late PlayInEditor Detection: Level '/Game/SideScrollerBP/Maps/SideScrollerExampleMap.SideScrollerExampleMap:PersistentLevel' has LevelScriptBlueprint '/Game/SideScrollerBP/Maps/SideScrollerExampleMap.SideScrollerExampleMap:PersistentLevel.SideScrollerExampleMap' with GeneratedClass '/Game/SideScrollerBP/Maps/SideScrollerExampleMap.SideScrollerExampleMap_C' with ClassGeneratedBy '/Game/SideScrollerBP/Maps/SideScrollerExampleMap.SideScrollerExampleMap:PersistentLevel.SideScrollerExampleMap'
[2018.10.07-13.50.14:214][564]LogBlueprintUserMessages: [BP_Character1_2] 1
[2018.10.07-13.50.16:215][804]LogBlueprintUserMessages: [BP_Character1_2] 1
[2018.10.07-13.50.18:215][ 44]LogBlueprintUserMessages: [BP_Character1_2] 2
[2018.10.07-13.50.20:215][284]LogBlueprintUserMessages: [BP_Character1_2] 3
[2018.10.07-13.50.23:317][656]LogBlueprintUserMessages: [BP_Character1_2] 2
[2018.10.07-13.50.25:317][896]LogBlueprintUserMessages: [BP_Character1_2] 3
[2018.10.07-13.50.37:043][179]LogBlueprintUserMessages: [BP_Character1_2] 3
[2018.10.07-13.50.38:851][318]LogBlueprintUserMessages: Early EndPlayMap Detection: Level '/Game/SideScrollerBP/Maps/SideScrollerExampleMap.SideScrollerExampleMap:PersistentLevel' has LevelScriptBlueprint '/Game/SideScrollerBP/Maps/SideScrollerExampleMap.SideScrollerExampleMap:PersistentLevel.SideScrollerExampleMap' with GeneratedClass '/Game/SideScrollerBP/Maps/SideScrollerExampleMap.SideScrollerExampleMap_C' with ClassGeneratedBy '/Game/SideScrollerBP/Maps/SideScrollerExampleMap.SideScrollerExampleMap:PersistentLevel.SideScrollerExampleMap'
[2018.10.07-13.50.38:852][318]LogSlate: Updating window title bar state: overlay mode, drag disabled, window buttons hidden, title bar hidden
[2018.10.07-13.50.38:887][318]LogPlayLevel: Display: Shutting down PIE online subsystems
[2018.10.07-13.50.38:888][318]LogBlueprintUserMessages: Late EndPlayMap Detection: Level '/Game/SideScrollerBP/Maps/SideScrollerExampleMap.SideScrollerExampleMap:PersistentLevel' has LevelScriptBlueprint '/Game/SideScrollerBP/Maps/SideScrollerExampleMap.SideScrollerExampleMap:PersistentLevel.SideScrollerExampleMap' with GeneratedClass '/Game/SideScrollerBP/Maps/SideScrollerExampleMap.SideScrollerExampleMap_C' with ClassGeneratedBy '/Game/SideScrollerBP/Maps/SideScrollerExampleMap.SideScrollerExampleMap:PersistentLevel.SideScrollerExampleMap'
[2018.10.07-13.50.38:918][318]LogSlate: Updating window title bar state: overlay mode, drag disabled, window buttons hidden, title bar hidden
[2018.10.07-13.50.38:954][320]LogPlayLevel: Display: Destroying online subsystem :Context_6
[2018.10.07-13.51.10:285][337]LogSavePackage: Moving '../../../../../UnrealProjects/GeometryFight/Saved/SideScrollerExampleMap_Auto2493929AB4648F4ED9C7E1DAF12EBB7D9.tmp' to '../../../../../UnrealProjects/GeometryFight/Saved/Autosaves/Game/SideScrollerBP/Maps/SideScrollerExampleMap_Auto2.umap'
[2018.10.07-13.51.10:288][337]LogFileHelpers: Editor autosave (incl. sublevels) for '/Game/SideScrollerBP/Maps/SideScrollerExampleMap' took 0.235
[2018.10.07-13.51.10:288][337]LogFileHelpers: Editor autosave (incl. sublevels) for all levels took 0.235
[2018.10.07-13.51.10:290][337]OBJ SavePackage: Generating thumbnails for [1] asset(s) in package [/Game/SideScrollerBP/Blueprints/BP_Character1] ([1] browsable assets)...
[2018.10.07-13.51.10:305][337]OBJ SavePackage:     Rendered thumbnail for [Blueprint /Game/SideScrollerBP/Blueprints/BP_Character1.BP_Character1]
[2018.10.07-13.51.10:305][337]OBJ SavePackage: Finished generating thumbnails for package [/Game/SideScrollerBP/Blueprints/BP_Character1]
[2018.10.07-13.51.10:401][337]LogSavePackage: Moving '../../../../../UnrealProjects/GeometryFight/Saved/BP_Character1_Auto2E59ACD0D4BF71AD88978ABACF4C561F1.tmp' to '../../../../../UnrealProjects/GeometryFight/Saved/Autosaves/Game/SideScrollerBP/Blueprints/BP_Character1_Auto2.uasset'
[2018.10.07-13.51.10:403][337]LogFileHelpers: Auto-saving content packages took 0.114
[2018.10.07-13.52.33:969][762]LogEditorViewport: Clicking on Actor (LMB): StaticMeshActor (Floor)
[2018.10.07-13.52.38:423][253]LogSlate: FSceneViewport::OnFocusLost() reason 0
[2018.10.07-13.52.48:539][309]LogClass: Warning: In asset 'None', there is an enum property of type 'ECollisionEnabled' with an invalid value of ''
[2018.10.07-13.52.48:539][309]LogClass: Warning: In asset 'None', there is an enum property of type 'ECollisionEnabled' with an invalid value of ''
[2018.10.07-13.52.48:539][309]LogClass: Warning: In asset 'None', there is an enum property of type 'ECollisionEnabled' with an invalid value of ''
[2018.10.07-13.52.48:546][309]LogClass: Warning: In asset 'None', there is an enum property of type 'ECollisionChannel' with an invalid value of ''
[2018.10.07-13.52.48:546][309]LogClass: Warning: In asset 'None', there is an enum property of type 'ECollisionChannel' with an invalid value of ''
[2018.10.07-13.52.48:546][309]LogClass: Warning: In asset 'None', there is an enum property of type 'ECollisionChannel' with an invalid value of ''
[2018.10.07-13.52.51:160][562]BlueprintLog: New page: Compile BP_Character1
[2018.10.07-14.01.11:069][507]LogSavePackage: Moving '../../../../../UnrealProjects/GeometryFight/Saved/SideScrollerExampleMap_Auto31A2FBD034B3D3E9F40A7689DCC728256.tmp' to '../../../../../UnrealProjects/GeometryFight/Saved/Autosaves/Game/SideScrollerBP/Maps/SideScrollerExampleMap_Auto3.umap'
[2018.10.07-14.01.11:072][507]LogFileHelpers: Editor autosave (incl. sublevels) for '/Game/SideScrollerBP/Maps/SideScrollerExampleMap' took 0.259
[2018.10.07-14.01.11:072][507]LogFileHelpers: Editor autosave (incl. sublevels) for all levels took 0.259
[2018.10.07-14.01.11:075][507]OBJ SavePackage: Generating thumbnails for [1] asset(s) in package [/Game/SideScrollerBP/Blueprints/BP_Character1] ([1] browsable assets)...
[2018.10.07-14.01.11:094][507]OBJ SavePackage:     Rendered thumbnail for [Blueprint /Game/SideScrollerBP/Blueprints/BP_Character1.BP_Character1]
[2018.10.07-14.01.11:095][507]OBJ SavePackage: Finished generating thumbnails for package [/Game/SideScrollerBP/Blueprints/BP_Character1]
[2018.10.07-14.01.11:195][507]LogSavePackage: Moving '../../../../../UnrealProjects/GeometryFight/Saved/BP_Character1_Auto3628D3F0048F6F059E3BD2EBE7F67C5A1.tmp' to '../../../../../UnrealProjects/GeometryFight/Saved/Autosaves/Game/SideScrollerBP/Blueprints/BP_Character1_Auto3.uasset'
[2018.10.07-14.01.11:209][507]LogFileHelpers: Auto-saving content packages took 0.135
[2018.10.07-17.52.44:165][914]LogHttp: Warning: 000001A55877AAC0: request failed, libcurl error: 7 (Couldn't connect to server)
[2018.10.07-17.52.44:165][914]LogHttp: Warning: 000001A55877AAC0: libcurl info message cache 0 (Connection 94 seems to be dead!)
[2018.10.07-17.52.44:165][914]LogHttp: Warning: 000001A55877AAC0: libcurl info message cache 1 (Closing connection 94)
[2018.10.07-17.52.44:165][914]LogHttp: Warning: 000001A55877AAC0: libcurl info message cache 2 (  Trying 34.231.0.173...)
[2018.10.07-17.52.44:165][914]LogHttp: Warning: 000001A55877AAC0: libcurl info message cache 3 (TCP_NODELAY set)
[2018.10.07-17.52.44:165][914]LogHttp: Warning: 000001A55877AAC0: libcurl info message cache 4 (connect to 34.231.0.173 port 443 failed: Timed out)
[2018.10.07-17.52.44:165][914]LogHttp: Warning: 000001A55877AAC0: libcurl info message cache 5 (  Trying 34.233.223.249...)
[2018.10.07-17.52.44:165][914]LogHttp: Warning: 000001A55877AAC0: libcurl info message cache 6 (TCP_NODELAY set)
[2018.10.07-17.52.44:165][914]LogHttp: Warning: 000001A55877AAC0: libcurl info message cache 7 (connect to 34.233.223.249 port 443 failed: Connection was aborted)
[2018.10.07-17.52.44:165][914]LogHttp: Warning: 000001A55877AAC0: libcurl info message cache 8 (  Trying 34.228.126.143...)
[2018.10.07-17.52.44:165][914]LogHttp: Warning: 000001A55877AAC0: libcurl info message cache 9 (TCP_NODELAY set)
[2018.10.07-17.52.44:165][914]LogHttp: Warning: 000001A55877AAC0: libcurl info message cache 10 (connect to 34.228.126.143 port 443 failed: Host unreachable)
[2018.10.07-17.52.44:165][914]LogHttp: Warning: 000001A55877AAC0: libcurl info message cache 11 (  Trying 34.231.103.121...)
[2018.10.07-17.52.44:165][914]LogHttp: Warning: 000001A55877AAC0: libcurl info message cache 12 (TCP_NODELAY set)
[2018.10.07-17.52.44:165][914]LogHttp: Warning: 000001A55877AAC0: libcurl info message cache 13 (connect to 34.231.103.121 port 443 failed: Host unreachable)
[2018.10.07-17.52.44:165][914]LogHttp: Warning: 000001A55877AAC0: libcurl info message cache 14 (  Trying 34.231.138.22...)
[2018.10.07-17.52.44:165][914]LogHttp: Warning: 000001A55877AAC0: libcurl info message cache 15 (TCP_NODELAY set)
[2018.10.07-17.52.44:166][914]LogHttp: Warning: 000001A55877AAC0: libcurl info message cache 16 (connect to 34.231.138.22 port 443 failed: Host unreachable)
[2018.10.07-17.52.44:166][914]LogHttp: Warning: 000001A55877AAC0: libcurl info message cache 17 (  Trying 34.233.154.194...)
[2018.10.07-17.52.44:166][914]LogHttp: Warning: 000001A55877AAC0: libcurl info message cache 18 (TCP_NODELAY set)
[2018.10.07-17.52.44:166][914]LogHttp: Warning: 000001A55877AAC0: libcurl info message cache 19 (connect to 34.233.154.194 port 443 failed: Host unreachable)
[2018.10.07-17.52.44:166][914]LogHttp: Warning: 000001A55877AAC0: libcurl info message cache 20 (  Trying 34.233.8.184...)
[2018.10.07-17.52.44:166][914]LogHttp: Warning: 000001A55877AAC0: libcurl info message cache 21 (TCP_NODELAY set)
[2018.10.07-17.52.44:166][914]LogHttp: Warning: 000001A55877AAC0: libcurl info message cache 22 (connect to 34.233.8.184 port 443 failed: Host unreachable)
[2018.10.07-17.52.44:166][914]LogHttp: Warning: 000001A55877AAC0: libcurl info message cache 23 (  Trying 34.232.82.35...)
[2018.10.07-17.52.44:166][914]LogHttp: Warning: 000001A55877AAC0: libcurl info message cache 24 (TCP_NODELAY set)
[2018.10.07-17.52.44:166][914]LogHttp: Warning: 000001A55877AAC0: libcurl info message cache 25 (connect to 34.232.82.35 port 443 failed: Host unreachable)
[2018.10.07-17.52.44:166][914]LogHttp: Warning: 000001A55877AAC0: libcurl info message cache 26 (Failed to connect to datarouter.ol.epicgames.com port 443: Host unreachable)
[2018.10.07-17.52.44:166][914]LogHttp: Warning: 000001A55877AAC0: libcurl info message cache 27 (Closing connection 95)
[2018.10.07-20.24.26:932][954]LogSlate: FSceneViewport::OnFocusLost() reason 0
[2018.10.07-20.27.51:722][942]BlueprintLog: New page: Compile BP_Character1
[2018.10.07-20.28.17:012][ 79]LogSavePackage: Moving '../../../../../UnrealProjects/GeometryFight/Saved/SideScrollerExampleMap_Auto4291EBCA545511DBE99D0D291D273D970.tmp' to '../../../../../UnrealProjects/GeometryFight/Saved/Autosaves/Game/SideScrollerBP/Maps/SideScrollerExampleMap_Auto4.umap'
[2018.10.07-20.28.17:015][ 79]LogFileHelpers: Editor autosave (incl. sublevels) for '/Game/SideScrollerBP/Maps/SideScrollerExampleMap' took 0.219
[2018.10.07-20.28.17:015][ 79]LogFileHelpers: Editor autosave (incl. sublevels) for all levels took 0.219
[2018.10.07-20.28.17:018][ 79]OBJ SavePackage: Generating thumbnails for [1] asset(s) in package [/Game/SideScrollerBP/Blueprints/BP_Character1] ([1] browsable assets)...
[2018.10.07-20.28.17:037][ 79]OBJ SavePackage:     Rendered thumbnail for [Blueprint /Game/SideScrollerBP/Blueprints/BP_Character1.BP_Character1]
[2018.10.07-20.28.17:037][ 79]OBJ SavePackage: Finished generating thumbnails for package [/Game/SideScrollerBP/Blueprints/BP_Character1]
[2018.10.07-20.28.17:154][ 79]LogSavePackage: Moving '../../../../../UnrealProjects/GeometryFight/Saved/BP_Character1_Auto4C91AE16F4ADF7438851755889CCBF176.tmp' to '../../../../../UnrealProjects/GeometryFight/Saved/Autosaves/Game/SideScrollerBP/Blueprints/BP_Character1_Auto4.uasset'
[2018.10.07-20.28.17:180][ 79]LogFileHelpers: Auto-saving content packages took 0.164
[2018.10.07-21.02.13:546][171]LogHttp: Warning: 000001A583B39580: request failed, libcurl error: 7 (Couldn't connect to server)
[2018.10.07-21.02.13:546][171]LogHttp: Warning: 000001A583B39580: libcurl info message cache 0 (Connection 150 seems to be dead!)
[2018.10.07-21.02.13:546][171]LogHttp: Warning: 000001A583B39580: libcurl info message cache 1 (Closing connection 150)
[2018.10.07-21.02.13:546][171]LogHttp: Warning: 000001A583B39580: libcurl info message cache 2 (  Trying 192.168.0.254...)
[2018.10.07-21.02.13:546][171]LogHttp: Warning: 000001A583B39580: libcurl info message cache 3 (TCP_NODELAY set)
[2018.10.07-21.02.13:546][171]LogHttp: Warning: 000001A583B39580: libcurl info message cache 4 (connect to 192.168.0.254 port 443 failed: Connection refused)
[2018.10.07-21.02.13:546][171]LogHttp: Warning: 000001A583B39580: libcurl info message cache 5 (Failed to connect to datarouter.ol.epicgames.com port 443: Connection refused)
[2018.10.07-21.02.13:546][171]LogHttp: Warning: 000001A583B39580: libcurl info message cache 6 (Closing connection 151)
[2018.10.07-21.04.11:424][684]LogSlate: FSceneViewport::OnFocusLost() reason 0
[2018.10.07-21.05.00:181][ 91]LogTemp: Repeating last play command: Selected Viewport
[2018.10.07-21.05.00:215][ 91]LogBlueprintUserMessages: Early PlayInEditor Detection: Level '/Game/SideScrollerBP/Maps/SideScrollerExampleMap.SideScrollerExampleMap:PersistentLevel' has LevelScriptBlueprint '/Game/SideScrollerBP/Maps/SideScrollerExampleMap.SideScrollerExampleMap:PersistentLevel.SideScrollerExampleMap' with GeneratedClass '/Game/SideScrollerBP/Maps/SideScrollerExampleMap.SideScrollerExampleMap_C' with ClassGeneratedBy '/Game/SideScrollerBP/Maps/SideScrollerExampleMap.SideScrollerExampleMap:PersistentLevel.SideScrollerExampleMap'
[2018.10.07-21.05.00:215][ 91]LogPlayLevel: PlayLevel: No blueprints needed recompiling
[2018.10.07-21.05.00:216][ 91]PIE: New page: PIE session: SideScrollerExampleMap (Oct 7, 2018, 3:05:00 PM)
[2018.10.07-21.05.00:216][ 91]LogPlayLevel: Creating play world package: /Game/SideScrollerBP/Maps/UEDPIE_0_SideScrollerExampleMap
[2018.10.07-21.05.00:232][ 91]LogPlayLevel: PIE: StaticDuplicateObject took: (0.016270s)
[2018.10.07-21.05.00:233][ 91]LogAIModule: Creating AISystem for world SideScrollerExampleMap
[2018.10.07-21.05.00:234][ 91]LogPlayLevel: PIE: World Init took: (0.001565s)
[2018.10.07-21.05.00:234][ 91]LogPlayLevel: PIE: Created PIE world by copying editor world from /Game/SideScrollerBP/Maps/SideScrollerExampleMap.SideScrollerExampleMap to /Game/SideScrollerBP/Maps/UEDPIE_0_SideScrollerExampleMap.SideScrollerExampleMap (0.018029s)
[2018.10.07-21.05.00:274][ 91]LogInit: XAudio2 using '3 - M2380D (AMD High Definition Audio Device)' : 2 channels at 48 kHz using 16 bits per sample (channel mask 0x3)
[2018.10.07-21.05.00:280][ 91]LogInit: FAudioDevice initialized.
[2018.10.07-21.05.00:313][ 91]LogLoad: Game class is 'SideScrollerGameMode_C'
[2018.10.07-21.05.00:316][ 91]LogWorld: Bringing World /Game/SideScrollerBP/Maps/UEDPIE_0_SideScrollerExampleMap.SideScrollerExampleMap up for play (max tick rate 0) at 2018.10.07-18.05.00
[2018.10.07-21.05.00:316][ 91]LogWorld: Bringing up level for play took: 0.001821
[2018.10.07-21.05.00:329][ 91]PIE: Play in editor start time for /Game/SideScrollerBP/Maps/UEDPIE_0_SideScrollerExampleMap 1.002
[2018.10.07-21.05.00:329][ 91]LogBlueprintUserMessages: Late PlayInEditor Detection: Level '/Game/SideScrollerBP/Maps/SideScrollerExampleMap.SideScrollerExampleMap:PersistentLevel' has LevelScriptBlueprint '/Game/SideScrollerBP/Maps/SideScrollerExampleMap.SideScrollerExampleMap:PersistentLevel.SideScrollerExampleMap' with GeneratedClass '/Game/SideScrollerBP/Maps/SideScrollerExampleMap.SideScrollerExampleMap_C' with ClassGeneratedBy '/Game/SideScrollerBP/Maps/SideScrollerExampleMap.SideScrollerExampleMap:PersistentLevel.SideScrollerExampleMap'
[2018.10.07-21.05.05:425][697]LogBlueprintUserMessages: [BP_Character1_2] 3
[2018.10.07-21.05.08:333][ 46]LogBlueprintUserMessages: [BP_Character1_2] 3
[2018.10.07-21.05.12:493][545]LogBlueprintUserMessages: Early EndPlayMap Detection: Level '/Game/SideScrollerBP/Maps/SideScrollerExampleMap.SideScrollerExampleMap:PersistentLevel' has LevelScriptBlueprint '/Game/SideScrollerBP/Maps/SideScrollerExampleMap.SideScrollerExampleMap:PersistentLevel.SideScrollerExampleMap' with GeneratedClass '/Game/SideScrollerBP/Maps/SideScrollerExampleMap.SideScrollerExampleMap_C' with ClassGeneratedBy '/Game/SideScrollerBP/Maps/SideScrollerExampleMap.SideScrollerExampleMap:PersistentLevel.SideScrollerExampleMap'
[2018.10.07-21.05.12:493][545]LogSlate: Updating window title bar state: overlay mode, drag disabled, window buttons hidden, title bar hidden
[2018.10.07-21.05.12:527][545]LogPlayLevel: Display: Shutting down PIE online subsystems
[2018.10.07-21.05.12:527][545]LogBlueprintUserMessages: Late EndPlayMap Detection: Level '/Game/SideScrollerBP/Maps/SideScrollerExampleMap.SideScrollerExampleMap:PersistentLevel' has LevelScriptBlueprint '/Game/SideScrollerBP/Maps/SideScrollerExampleMap.SideScrollerExampleMap:PersistentLevel.SideScrollerExampleMap' with GeneratedClass '/Game/SideScrollerBP/Maps/SideScrollerExampleMap.SideScrollerExampleMap_C' with ClassGeneratedBy '/Game/SideScrollerBP/Maps/SideScrollerExampleMap.SideScrollerExampleMap:PersistentLevel.SideScrollerExampleMap'
[2018.10.07-21.05.12:556][545]LogSlate: Updating window title bar state: overlay mode, drag disabled, window buttons hidden, title bar hidden
[2018.10.07-21.05.12:598][548]LogPlayLevel: Display: Destroying online subsystem :Context_7
[2018.10.07-21.05.13:477][653]LogSlate: FSceneViewport::OnFocusLost() reason 0
[2018.10.07-21.05.50:677][539]LogSavePackage: Moving '../../../../../UnrealProjects/GeometryFight/Saved/SideScrollerExampleMap_Auto5645B07F94401DEF2499B09B2A24A8D31.tmp' to '../../../../../UnrealProjects/GeometryFight/Saved/Autosaves/Game/SideScrollerBP/Maps/SideScrollerExampleMap_Auto5.umap'
[2018.10.07-21.05.50:680][539]LogFileHelpers: Editor autosave (incl. sublevels) for '/Game/SideScrollerBP/Maps/SideScrollerExampleMap' took 0.215
[2018.10.07-21.05.50:680][539]LogFileHelpers: Editor autosave (incl. sublevels) for all levels took 0.215
[2018.10.07-21.05.50:682][539]OBJ SavePackage: Generating thumbnails for [0] asset(s) in package [/Game/SideScrollerBP/Blueprints/BP_Character1] ([1] browsable assets)...
[2018.10.07-21.05.50:682][539]OBJ SavePackage: Finished generating thumbnails for package [/Game/SideScrollerBP/Blueprints/BP_Character1]
[2018.10.07-21.05.50:780][539]LogSavePackage: Moving '../../../../../UnrealProjects/GeometryFight/Saved/BP_Character1_Auto5E99FC88B4F45271C6FF2FEBAA3B2C063.tmp' to '../../../../../UnrealProjects/GeometryFight/Saved/Autosaves/Game/SideScrollerBP/Blueprints/BP_Character1_Auto5.uasset'
[2018.10.07-21.05.50:782][539]LogFileHelpers: Auto-saving content packages took 0.101
