Log file open, 10/07/18 18:55:05
LogWindows: Failed to load 'aqProf.dll' (GetLastError=126)
LogWindows: File 'aqProf.dll' does not exist
LogWindows: Failed to load 'VtuneApi.dll' (GetLastError=126)
LogWindows: File 'VtuneApi.dll' does not exist
LogWindows: Failed to load 'VtuneApi32e.dll' (GetLastError=126)
LogWindows: File 'VtuneApi32e.dll' does not exist
LogInit: Display: Running engine for game: GeometryFight
LogPlatformFile: Not using cached read wrapper
LogTaskGraph: Started task graph with 5 named threads and 14 total threads with 3 sets of task threads.
LogStats: Stats thread started at 0.179840
LogD3D11RHI: Loaded GFSDK_Aftermath_Lib.x64.dll
LogICUInternationalization: Display: ICU TimeZone Detection - Raw Offset: -3:00, Platform Override: ''
LogPluginManager: Mounting plugin Paper2D
LogPluginManager: Mounting plugin AISupport
LogPluginManager: Mounting plugin LightPropagationVolume
LogPluginManager: Mounting plugin CLionSourceCodeAccess
LogPluginManager: Mounting plugin CodeLiteSourceCodeAccess
LogPluginManager: Mounting plugin GitSourceControl
LogPluginManager: Mounting plugin KDevelopSourceCodeAccess
LogPluginManager: Mounting plugin NullSourceCodeAccess
LogPluginManager: Mounting plugin PerforceSourceControl
LogPluginManager: Mounting plugin SubversionSourceControl
LogPluginManager: Mounting plugin UObjectPlugin
LogPluginManager: Mounting plugin VisualStudioCodeSourceCodeAccess
LogPluginManager: Mounting plugin VisualStudioSourceCodeAccess
LogPluginManager: Mounting plugin XCodeSourceCodeAccess
LogPluginManager: Mounting plugin AssetManagerEditor
LogPluginManager: Mounting plugin CryptoKeys
LogPluginManager: Mounting plugin DataValidation
LogPluginManager: Mounting plugin FacialAnimation
LogPluginManager: Mounting plugin GameplayTagsEditor
LogPluginManager: Mounting plugin MacGraphicsSwitching
LogPluginManager: Mounting plugin MeshEditor
LogPluginManager: Mounting plugin MobileLauncherProfileWizard
LogPluginManager: Mounting plugin PluginBrowser
LogPluginManager: Mounting plugin SpeedTreeImporter
LogPluginManager: Mounting plugin DatasmithContent
LogPluginManager: Mounting plugin AlembicImporter
LogPluginManager: Mounting plugin AppleImageUtils
LogPluginManager: Mounting plugin AppleVision
LogPluginManager: Mounting plugin BackChannel
LogPluginManager: Mounting plugin CharacterAI
LogPluginManager: Mounting plugin GeometryCache
LogPluginManager: Mounting plugin HTML5Networking
LogPluginManager: Mounting plugin ProxyLODPlugin
LogPluginManager: Mounting plugin MagicLeap
LogPluginManager: Mounting plugin MagicLeapEmulator
LogPluginManager: Mounting plugin MagicLeapMedia
LogPluginManager: Mounting plugin AndroidMedia
LogPluginManager: Mounting plugin AvfMedia
LogPluginManager: Mounting plugin ImgMedia
LogPluginManager: Mounting plugin LinearTimecode
LogPluginManager: Mounting plugin MediaCompositing
LogPluginManager: Mounting plugin MediaPlayerEditor
LogPluginManager: Mounting plugin WmfMedia
LogPluginManager: Mounting plugin TcpMessaging
LogPluginManager: Mounting plugin UdpMessaging
LogPluginManager: Mounting plugin ActorSequence
LogPluginManager: Mounting plugin LevelSequenceEditor
LogPluginManager: Mounting plugin MatineeToLevelSequence
LogPluginManager: Mounting plugin NetcodeUnitTest
LogPluginManager: Mounting plugin NUTUnrealEngine4
LogPluginManager: Mounting plugin OnlineSubsystemGooglePlay
LogPluginManager: Mounting plugin OnlineSubsystemIOS
LogPluginManager: Mounting plugin OnlineSubsystem
LogPluginManager: Mounting plugin OnlineSubsystemNull
LogPluginManager: Mounting plugin OnlineSubsystemUtils
LogPluginManager: Mounting plugin LauncherChunkInstaller
LogPluginManager: Mounting plugin AndroidDeviceProfileSelector
LogPluginManager: Mounting plugin AndroidMoviePlayer
LogPluginManager: Mounting plugin AndroidPermission
LogPluginManager: Mounting plugin AppleMoviePlayer
LogPluginManager: Mounting plugin ArchVisCharacter
LogPluginManager: Mounting plugin AudioCapture
LogPluginManager: Mounting plugin CableComponent
LogPluginManager: Mounting plugin CustomMeshComponent
LogPluginManager: Mounting plugin EditableMesh
LogPluginManager: Mounting plugin ExampleDeviceProfileSelector
LogPluginManager: Mounting plugin GoogleCloudMessaging
LogPluginManager: Mounting plugin ImmediatePhysics
LogPluginManager: Mounting plugin IOSDeviceProfileSelector
LogPluginManager: Mounting plugin LinuxDeviceProfileSelector
LogPluginManager: Mounting plugin LocationServicesBPLibrary
LogPluginManager: Mounting plugin MobilePatchingUtils
LogPluginManager: Mounting plugin OculusVR
LogPluginManager: Plugin shader directory ../../../Engine/Plugins/Runtime/Oculus/OculusVR/Shaders found
LogPluginManager: Mapping shader source directory ../../../Engine/Plugins/Runtime/Oculus/OculusVR/Shaders to virtual directory /Plugin/OculusVR
LogPluginManager: Mounting plugin PhysXVehicles
LogPluginManager: Mounting plugin ProceduralMeshComponent
LogPluginManager: Mounting plugin RuntimePhysXCooking
LogPluginManager: Mounting plugin SteamVR
LogPluginManager: Mounting plugin WindowsMoviePlayer
LogStreaming: Display: Took  0.156s to configure plugins.
LogInit: Using libcurl 7.55.1-DEV
LogInit:  - built for x86_64-pc-win32
LogInit:  - supports SSL with OpenSSL/1.0.2h
LogInit:  - supports HTTP deflate (compression) using libz 1.2.8
LogInit:  - other features:
LogInit:      CURL_VERSION_SSL
LogInit:      CURL_VERSION_LIBZ
LogInit:      CURL_VERSION_IPV6
LogInit:      CURL_VERSION_ASYNCHDNS
LogInit:      CURL_VERSION_LARGEFILE
LogInit:      CURL_VERSION_IDN
LogInit:  CurlRequestOptions (configurable via config and command line):
LogInit:  - bVerifyPeer = false  - Libcurl will NOT verify peer certificate
LogInit:  - bUseHttpProxy = false  - Libcurl will NOT use HTTP proxy
LogInit:  - bDontReuseConnections = false  - Libcurl will reuse connections
LogInit:  - CertBundlePath = nullptr  - Libcurl will use whatever was configured at build time.
LogInit:  - MaxHostConnections = 16  - Libcurl will limit the number of connections to a host
LogInit:  - LocalHostAddr = Default
LogInit:  - BufferSize = 65536
LogInit: WinSock: version 1.1 (2.2), MaxSocks=32767, MaxUdp=65467
LogInit: Build: ++UE4+Release-4.20-CL-4369336
LogInit: Engine Version: 4.20.3-4369336+++UE4+Release-4.20
LogInit: Compatible Engine Version: 4.20.0-4212847+++UE4+Release-4.20
LogInit: Net CL: 4212847
LogInit: OS: Windows 10 (), CPU: Intel(R) Core(TM) i5-4460  CPU @ 3.20GHz, GPU: AMD Radeon (TM) R9 380 Series
LogInit: Compiled (64-bit): Sep 17 2018 12:26:19
LogInit: Compiled with Visual C++: 19.13.26129.00
LogInit: Build Configuration: Development
LogInit: Branch Name: ++UE4+Release-4.20
LogInit: Command Line:  
LogInit: Base Directory: G:/ArquivosDePrograma/UE_4.20/Engine/Binaries/Win64/
LogInit: Installed Engine Build: 1
LogDevObjectVersion: Number of dev versions registered: 20
LogDevObjectVersion:   Dev-Blueprints (B0D832E4-1F89-4F0D-ACCF-7EB736FD4AA2): 10
LogDevObjectVersion:   Dev-Build (E1C64328-A22C-4D53-A36C-8E866417BD8C): 0
LogDevObjectVersion:   Dev-Core (375EC13C-06E4-48FB-B500-84F0262A717E): 2
LogDevObjectVersion:   Dev-Editor (E4B068ED-F494-42E9-A231-DA0B2E46BB41): 24
LogDevObjectVersion:   Dev-Framework (CFFC743F-43B0-4480-9391-14DF171D2073): 34
LogDevObjectVersion:   Dev-Mobile (B02B49B5-BB20-44E9-A304-32B752E40360): 2
LogDevObjectVersion:   Dev-Networking (A4E4105C-59A1-49B5-A7C5-40C4547EDFEE): 0
LogDevObjectVersion:   Dev-Online (39C831C9-5AE6-47DC-9A44-9C173E1C8E7C): 0
LogDevObjectVersion:   Dev-Physics (78F01B33-EBEA-4F98-B9B4-84EACCB95AA2): 0
LogDevObjectVersion:   Dev-Platform (6631380F-2D4D-43E0-8009-CF276956A95A): 0
LogDevObjectVersion:   Dev-Rendering (12F88B9F-8875-4AFC-A67C-D90C383ABD29): 26
LogDevObjectVersion:   Dev-Sequencer (7B5AE74C-D270-4C10-A958-57980B212A5A): 9
LogDevObjectVersion:   Dev-VR (D7296918-1DD6-4BDD-9DE2-64A83CC13884): 2
LogDevObjectVersion:   Dev-LoadTimes (C2A15278-BFE7-4AFE-6C17-90FF531DF755): 1
LogDevObjectVersion:   Private-Geometry (6EACA3D4-40EC-4CC1-B786-8BED09428FC5): 3
LogDevObjectVersion:   Dev-AnimPhys (29E575DD-E0A3-4627-9D10-D276232CDCEA): 17
LogDevObjectVersion:   Dev-ReflectionCapture (6B266CEC-1EC7-4B8F-A30B-E4D90942FC07): 1
LogDevObjectVersion:   Dev-Automation (0DF73D61-A23F-47EA-B727-89E90C41499A): 1
LogDevObjectVersion:   FortniteMain (601D1886-AC64-4F84-AA16-D3DE0DEAC7D6): 12
LogDevObjectVersion:   Dev-Enterprise (9DFFBCD6-494F-0158-E221-12823C92A888): 1
LogStreaming: Display: Took  0.000s to delete old logs.
LogInit: Presizing for max 8388607 objects, including 0 objects not considered by GC, pre-allocating 0 bytes for permanent pool.
LogInit: Object subsystem initialized
[2018.10.07-21.55.05:872][  0]LogInit: Selected Device Profile: [Windows]
[2018.10.07-21.55.05:872][  0]LogInit: Applying CVar settings loaded from the selected device profile: [Windows]
[2018.10.07-21.55.05:882][  0]LogHAL: Display: Platform has ~ 16 GB [17080766464 / 17179869184 / 16], which maps to Larger [LargestMinGB=32, LargerMinGB=12, DefaultMinGB=8, SmallerMinGB=6, SmallestMinGB=0)
[2018.10.07-21.55.05:882][  0]LogInit: Setting Device Profile CVar: [[r.Vulkan.UseRealUBs:1]]
[2018.10.07-21.55.05:882][  0]LogInit: Going up to parent DeviceProfile []
[2018.10.07-21.55.05:882][  0]LogInit: Computer: ERICK-HIGA-PC
[2018.10.07-21.55.05:882][  0]LogInit: User: user
[2018.10.07-21.55.05:882][  0]LogInit: CPU Page size=4096, Cores=4
[2018.10.07-21.55.05:882][  0]LogInit: High frequency timer resolution =3.117781 MHz
[2018.10.07-21.55.05:882][  0]LogMemory: Memory total: Physical=15.9GB (16GB approx)
[2018.10.07-21.55.05:882][  0]LogMemory: Platform Memory Stats for Windows
[2018.10.07-21.55.05:882][  0]LogMemory: Process Physical Memory: 100.15 MB used, 100.15 MB peak
[2018.10.07-21.55.05:882][  0]LogMemory: Process Virtual Memory: 90.80 MB used, 90.80 MB peak
[2018.10.07-21.55.05:882][  0]LogMemory: Physical Memory: 5290.25 MB used,  10999.24 MB free, 16289.49 MB total
[2018.10.07-21.55.05:882][  0]LogMemory: Virtual Memory: 482.00 MB used,  10999.24 MB free, 134217728.00 MB total
[2018.10.07-21.55.05:903][  0]LogInit: Overriding language with editor language configuration option (en).
[2018.10.07-21.55.05:903][  0]LogInit: Overriding locale with editor locale configuration option (en).
[2018.10.07-21.55.06:311][  0]LogStreaming: Display: Took  0.408s to InitEngineTextLocalization.
[2018.10.07-21.55.06:311][  0]LogInit: Setting process to per monitor DPI aware
[2018.10.07-21.55.06:328][  0]LogSlate: New Slate User Created.  User Index 0, Is Virtual User: 0
[2018.10.07-21.55.06:328][  0]LogSlate: Slate User Registered.  User Index 0, Is Virtual User: 0
[2018.10.07-21.55.06:576][  0]LogHMD: Failed to initialize OpenVR with code 126
[2018.10.07-21.55.06:576][  0]LogD3D11RHI: D3D11 adapters:
[2018.10.07-21.55.06:600][  0]LogD3D11RHI:    0. 'AMD Radeon (TM) R9 380 Series' (Feature Level 11_0)
[2018.10.07-21.55.06:600][  0]LogD3D11RHI:       2023/0/8144 MB DedicatedVideo/DedicatedSystem/SharedSystem, Outputs:1, VendorId:0x1002
[2018.10.07-21.55.06:601][  0]LogD3D11RHI:    1. 'Microsoft Basic Render Driver' (Feature Level 11_0)
[2018.10.07-21.55.06:601][  0]LogD3D11RHI:       0/0/8144 MB DedicatedVideo/DedicatedSystem/SharedSystem, Outputs:0, VendorId:0x1414
[2018.10.07-21.55.06:601][  0]LogD3D11RHI: Chosen D3D11 Adapter: 0
[2018.10.07-21.55.06:607][  0]LogD3D11RHI: Creating new Direct3DDevice
[2018.10.07-21.55.06:608][  0]LogD3D11RHI:     GPU DeviceId: 0x6939 (for the marketing name, search the web for "GPU Device Id")
[2018.10.07-21.55.06:608][  0]LogWindows: EnumDisplayDevices:
[2018.10.07-21.55.06:608][  0]LogWindows:    0. 'AMD Radeon (TM) R9 380 Series' (P:1 D:1)
[2018.10.07-21.55.06:608][  0]LogWindows:    1. 'AMD Radeon (TM) R9 380 Series' (P:0 D:0)
[2018.10.07-21.55.06:608][  0]LogWindows:    2. 'AMD Radeon (TM) R9 380 Series' (P:0 D:0)
[2018.10.07-21.55.06:609][  0]LogWindows:    3. 'AMD Radeon (TM) R9 380 Series' (P:0 D:0)
[2018.10.07-21.55.06:609][  0]LogWindows:    4. 'AMD Radeon (TM) R9 380 Series' (P:0 D:0)
[2018.10.07-21.55.06:609][  0]LogWindows:    5. 'AMD Radeon (TM) R9 380 Series' (P:0 D:0)
[2018.10.07-21.55.06:609][  0]LogWindows: DebugString: FoundDriverCount:6 
[2018.10.07-21.55.06:609][  0]LogD3D11RHI:     Adapter Name: AMD Radeon (TM) R9 380 Series
[2018.10.07-21.55.06:609][  0]LogD3D11RHI:   Driver Version: Crimson ReLive 17.9.1 (internal:22.19.676.0, unified:22.19.676.0)
[2018.10.07-21.55.06:609][  0]LogD3D11RHI:      Driver Date: 9-5-2017
[2018.10.07-21.55.06:609][  0]LogRHI: Texture pool is 1416 MB (70% of 2023 MB)
[2018.10.07-21.55.06:649][  0]LogD3D11RHI: Async texture creation enabled
[2018.10.07-21.55.06:659][  0]LogD3D11RHI: GPU Timing Frequency: 27.000000 (Debug: 2 1)
[2018.10.07-21.55.06:660][  0]LogShaderCompilers: Guid format shader working directory is 2 characters bigger than the processId version (../../../../../UnrealProjects/GeometryFight/Intermediate/Shaders/WorkingDirectory/5436/).
[2018.10.07-21.55.06:660][  0]LogShaderCompilers: Cleaned the shader compiler working directory 'C:/Users/user/AppData/Local/Temp/UnrealShaderWorkingDir/B7FD51E14F48FDC96F6B65AC74C73862/'.
[2018.10.07-21.55.07:041][  0]LogTemp: Display: Loaded TP AllDesktopTargetPlatform
[2018.10.07-21.55.07:055][  0]LogTemp: Display: Loaded TP MacClientTargetPlatform
[2018.10.07-21.55.07:069][  0]LogTemp: Display: Loaded TP MacNoEditorTargetPlatform
[2018.10.07-21.55.07:083][  0]LogTemp: Display: Loaded TP MacServerTargetPlatform
[2018.10.07-21.55.07:098][  0]LogTemp: Display: Loaded TP MacTargetPlatform
[2018.10.07-21.55.07:112][  0]LogTemp: Display: Loaded TP WindowsClientTargetPlatform
[2018.10.07-21.55.07:126][  0]LogTemp: Display: Loaded TP WindowsNoEditorTargetPlatform
[2018.10.07-21.55.07:140][  0]LogTemp: Display: Loaded TP WindowsServerTargetPlatform
[2018.10.07-21.55.07:147][  0]LogTemp: Display: Loaded TP WindowsTargetPlatform
[2018.10.07-21.55.07:231][  0]LogTemp: Display: Loaded TP AndroidTargetPlatform
[2018.10.07-21.55.07:231][  0]LogTemp: Display: Loaded TP AndroidTargetPlatform
[2018.10.07-21.55.07:231][  0]LogTemp: Display: Loaded TP AndroidTargetPlatform
[2018.10.07-21.55.07:231][  0]LogTemp: Display: Loaded TP AndroidTargetPlatform
[2018.10.07-21.55.07:231][  0]LogTemp: Display: Loaded TP AndroidTargetPlatform
[2018.10.07-21.55.07:231][  0]LogTemp: Display: Loaded TP AndroidTargetPlatform
[2018.10.07-21.55.07:231][  0]LogTemp: Display: Loaded TP AndroidTargetPlatform
[2018.10.07-21.55.07:231][  0]LogTemp: Display: Loaded TP AndroidTargetPlatform
[2018.10.07-21.55.07:231][  0]LogTemp: Display: Loaded TP AndroidTargetPlatform
[2018.10.07-21.55.07:231][  0]LogTemp: Display: Loaded TP AndroidTargetPlatform
[2018.10.07-21.55.07:231][  0]LogTemp: Display: Loaded TP AndroidTargetPlatform
[2018.10.07-21.55.07:231][  0]LogTemp: Display: Loaded TP AndroidTargetPlatform
[2018.10.07-21.55.07:231][  0]LogTemp: Display: Loaded TP AndroidTargetPlatform
[2018.10.07-21.55.07:231][  0]LogTemp: Display: Loaded TP AndroidTargetPlatform
[2018.10.07-21.55.07:231][  0]LogTemp: Display: Loaded TP AndroidTargetPlatform
[2018.10.07-21.55.07:231][  0]LogTemp: Display: Loaded TP AndroidTargetPlatform
[2018.10.07-21.55.07:231][  0]LogTemp: Display: Loaded TP AndroidTargetPlatform
[2018.10.07-21.55.07:231][  0]LogTemp: Display: Loaded TP AndroidTargetPlatform
[2018.10.07-21.55.07:232][  0]LogTemp: Display: Loaded TP HTML5TargetPlatform
[2018.10.07-21.55.07:294][  0]LogTemp: Display: Loaded TP IOSTargetPlatform
[2018.10.07-21.55.07:294][  0]LogTemp: Display: Loaded TP IOSTargetPlatform
[2018.10.07-21.55.07:319][  0]LogTemp: Display: Loaded TP TVOSTargetPlatform
[2018.10.07-21.55.07:319][  0]LogTemp: Display: Loaded TP TVOSTargetPlatform
[2018.10.07-21.55.07:333][  0]LogTemp: Display: Loaded TP LinuxClientTargetPlatform
[2018.10.07-21.55.07:347][  0]LogTemp: Display: Loaded TP LinuxNoEditorTargetPlatform
[2018.10.07-21.55.07:360][  0]LogTemp: Display: Loaded TP LinuxServerTargetPlatform
[2018.10.07-21.55.07:374][  0]LogTemp: Display: Loaded TP LinuxTargetPlatform
[2018.10.07-21.55.07:384][  0]LogTemp: Display: Loaded TP LuminTargetPlatform
[2018.10.07-21.55.07:581][  0]LogTargetPlatformManager: Display: Building Assets For Windows
[2018.10.07-21.55.07:638][  0]LogXGEController: Cleaning working directory: C:/Users/user/AppData/Local/Temp/UnrealXGEWorkingDir/
[2018.10.07-21.55.07:638][  0]LogXGEController: Cannot use XGE Controller as Incredibuild is not installed on this machine.
[2018.10.07-21.55.07:638][  0]LogShaderCompilers: Cannot use XGE Shader Compiler as Incredibuild is not installed on this machine.
[2018.10.07-21.55.07:638][  0]LogShaderCompilers: Display: Using Local Shader Compiler.
[2018.10.07-21.55.08:405][  0]LogDerivedDataCache: Display: Max Cache Size: 512 MB
[2018.10.07-21.55.08:471][  0]LogDerivedDataCache: Loaded boot cache 0.07s 71MB C:/Users/user/AppData/Local/UnrealEngine/4.20/DerivedDataCache/Boot.ddc.
[2018.10.07-21.55.08:471][  0]LogDerivedDataCache: Display: Loaded Boot cache: C:/Users/user/AppData/Local/UnrealEngine/4.20/DerivedDataCache/Boot.ddc
[2018.10.07-21.55.08:471][  0]LogDerivedDataCache: FDerivedDataBackendGraph:  Pak pak cache file ../../../../../UnrealProjects/GeometryFight/DerivedDataCache/DDC.ddp not found, will not use a pak cache.
[2018.10.07-21.55.08:471][  0]LogDerivedDataCache: Unable to find inner node Pak for hierarchical cache Hierarchy.
[2018.10.07-21.55.08:471][  0]LogDerivedDataCache: FDerivedDataBackendGraph:  CompressedPak pak cache file ../../../../../UnrealProjects/GeometryFight/DerivedDataCache/Compressed.ddp not found, will not use a pak cache.
[2018.10.07-21.55.08:471][  0]LogDerivedDataCache: Unable to find inner node CompressedPak for hierarchical cache Hierarchy.
[2018.10.07-21.55.08:485][  0]LogDerivedDataCache: Display: Pak cache opened for reading ../../../Engine/DerivedDataCache/Compressed.ddp.
[2018.10.07-21.55.08:498][  0]LogDerivedDataCache: Using Local data cache path C:/Users/user/AppData/Local/UnrealEngine/Common/DerivedDataCache: Writable
[2018.10.07-21.55.08:498][  0]LogDerivedDataCache: Shared data cache path not found in *engine.ini, will not use an Shared cache.
[2018.10.07-21.55.08:498][  0]LogDerivedDataCache: Unable to find inner node Shared for hierarchical cache Hierarchy.
[2018.10.07-21.55.08:518][  0]LogMaterial: Verifying Global Shaders for PCD3D_SM5
[2018.10.07-21.55.08:520][  0]LogSlate: Using FreeType 2.6.0
[2018.10.07-21.55.08:520][  0]LogSlate: SlateFontServices - WITH_FREETYPE: 1, WITH_HARFBUZZ: 1
[2018.10.07-21.55.08:605][  0]LogAssetRegistry: FAssetRegistry took 0.0264 seconds to start up
[2018.10.07-21.55.08:930][  0]LogInit: Selected Device Profile: [Windows]
[2018.10.07-21.55.09:064][  0]LogSimplygon: Simplygon DLL not present - disabling.
[2018.10.07-21.55.09:068][  0]LogMeshReduction: Using SimplygonSwarm for distributed automatic mesh merging
[2018.10.07-21.55.09:068][  0]LogMeshReduction: Using ProxyLODMeshReduction for automatic mesh merging
[2018.10.07-21.55.09:068][  0]LogMeshReduction: Using QuadricMeshReduction for automatic static mesh reduction
[2018.10.07-21.55.09:068][  0]LogMeshReduction: No automatic skeletal mesh reduction module available
[2018.10.07-21.55.09:080][  0]LogNetVersion: GeometryFight 1.0.0, NetCL: 4212847, EngineNetVer: 5, GameNetVer: 0 (Checksum: 4048855847)
[2018.10.07-21.55.09:544][  0]LogPackageLocalizationCache: Processed 11 localized package path(s) for 1 prioritized culture(s) in 0.048366 seconds
[2018.10.07-21.55.09:551][  0]LogUObjectArray: 38425 objects as part of root set at end of initial load.
[2018.10.07-21.55.09:551][  0]LogUObjectAllocator: 6690872 out of 0 bytes used by permanent object pool.
[2018.10.07-21.55.09:551][  0]LogUObjectArray: CloseDisregardForGC: 0/0 objects in disregard for GC pool
[2018.10.07-21.55.10:517][  0]LogTcpMessaging: Initializing TcpMessaging bridge
[2018.10.07-21.55.10:530][  0]LogUdpMessaging: Initializing bridge on interface 0.0.0.0:0 to multicast group 230.0.0.1:6666.
[2018.10.07-21.55.10:674][  0]SourceControl: Source control is disabled
[2018.10.07-21.55.10:674][  0]SourceControl: Source control is disabled
[2018.10.07-21.55.10:676][  0]SourceControl: Source control is disabled
[2018.10.07-21.55.10:677][  0]SourceControl: Source control is disabled
[2018.10.07-21.55.10:843][  0]LogAndroidPermission: UAndroidPermissionCallbackProxy::GetInstance
[2018.10.07-21.55.10:900][  0]LogOcInput: OculusInput pre-init called
[2018.10.07-21.55.10:961][  0]LogEngine: Initializing Engine...
[2018.10.07-21.55.10:979][  0]LogHMD: Failed to initialize OpenVR with code 126
[2018.10.07-21.55.10:981][  0]LogStats: UGameplayTagsManager::ConstructGameplayTagTree: ImportINI prefixes -  0.000 s
[2018.10.07-21.55.10:981][  0]LogStats: UGameplayTagsManager::ConstructGameplayTagTree: Construct from data asset -  0.000 s
[2018.10.07-21.55.10:981][  0]LogStats: UGameplayTagsManager::ConstructGameplayTagTree: ImportINI -  0.000 s
[2018.10.07-21.55.10:981][  0]LogStats: UGameplayTagsManager::ConstructGameplayTagTree: GameplayTagTreeChangedEvent.Broadcast -  0.000 s
[2018.10.07-21.55.11:231][  0]LogInit: Initializing FReadOnlyCVARCache
[2018.10.07-21.55.11:243][  0]LogAIModule: Creating AISystem for world Untitled
[2018.10.07-21.55.11:261][  0]LogInit: XAudio2 using '3 - M2380D (AMD High Definition Audio Device)' : 2 channels at 48 kHz using 16 bits per sample (channel mask 0x3)
[2018.10.07-21.55.11:272][  0]LogInit: FAudioDevice initialized.
[2018.10.07-21.55.11:272][  0]LogNetVersion: Set ProjectVersion to 1.0.0.0. Version Checksum will be recalculated on next use.
[2018.10.07-21.55.11:350][  0]LogDerivedDataCache: Saved boot cache 0.08s 71MB C:/Users/user/AppData/Local/UnrealEngine/4.20/DerivedDataCache/Boot.ddc.
[2018.10.07-21.55.11:359][  0]LogInit: Texture streaming: Enabled
[2018.10.07-21.55.11:375][  0]LogEngineSessionManager: EngineSessionManager initialized
[2018.10.07-21.55.11:375][  0]LogEngineSessionManager: EngineSessionManager sent abnormal shutdown report. Type=AbnormalShutdown, SessionId={E62545C5-4C5A-BFE6-1937-F1A930B8D391}
[2018.10.07-21.55.11:420][  0]LogInit: Transaction tracking system initialized
[2018.10.07-21.55.11:440][  0]BlueprintLog: New page: Editor Load
[2018.10.07-21.55.11:511][  0]LocalizationService: Localization service is disabled
[2018.10.07-21.55.11:747][  0]LogCook: Display: Max memory allowance for cook 16384mb min free memory 0mb
[2018.10.07-21.55.11:747][  0]LogCook: Display: Mobile HDR setting 1
[2018.10.07-21.55.11:747][  0]LogGameplayTags: Display: UGameplayTagsManager::DoneAddingNativeTags. DelegateIsBound: 0
[2018.10.07-21.55.11:747][  0]LogStats: UGameplayTagsManager::ConstructGameplayTagTree: ImportINI prefixes -  0.000 s
[2018.10.07-21.55.11:747][  0]LogStats: UGameplayTagsManager::ConstructGameplayTagTree: Construct from data asset -  0.000 s
[2018.10.07-21.55.11:748][  0]LogStats: UGameplayTagsManager::ConstructGameplayTagTree: ImportINI -  0.000 s
[2018.10.07-21.55.11:748][  0]LogStats: UGameplayTagsManager::ConstructGameplayTagTree: GameplayTagTreeChangedEvent.Broadcast -  0.000 s
[2018.10.07-21.55.11:862][  0]LogFileCache: Scanning file cache for directory 'G:/UnrealProjects/GeometryFight/Content/' took 0.02s
[2018.10.07-21.55.11:862][  0]SourceControl: Source control is disabled
[2018.10.07-21.55.11:939][  0]LogSlate: Took 0.000178 seconds to synchronously load lazily loaded font '../../../Engine/Content/Slate/Fonts/Roboto-Regular.ttf' (155K)
[2018.10.07-23.25.26:775][  0]LogSlate: Window 'Restore Packages' being destroyed
[2018.10.07-23.25.34:979][  0]LogSlate: Window 'Unable to Check Out From Source Control!' being destroyed
[2018.10.07-23.25.34:980][  0]LogWindowsTextInputMethodSystem: Display: IME system now deactivated.
[2018.10.07-23.25.35:022][  0]LogWindowsTextInputMethodSystem: Display: IME system now deactivated.
[2018.10.07-23.25.35:025][  0]Cmd: MAP LOAD FILE="../../../../../UnrealProjects/GeometryFight/Content/SideScrollerBP/Maps/SideScrollerExampleMap.umap" TEMPLATE=0 SHOWPROGRESS=1 FEATURELEVEL=3
[2018.10.07-23.25.35:027][  0]LightingResults: New page: Lighting Build
[2018.10.07-23.25.35:035][  0]MapCheck: New page: Map Check
[2018.10.07-23.25.35:036][  0]LightingResults: New page: Lighting Build
[2018.10.07-23.25.35:565][  0]LogAIModule: Creating AISystem for world SideScrollerExampleMap
[2018.10.07-23.25.35:575][  0]LogEditorServer: Finished looking for orphan Actors (0.000 secs)
[2018.10.07-23.25.35:602][  0]Cmd: MAP CHECKDEP NOCLEARLOG
[2018.10.07-23.25.35:664][  0]MapCheck: Map check complete: 0 Error(s), 0 Warning(s), took 61.881ms to complete.
[2018.10.07-23.25.35:664][  0]LogFileHelpers: Loading map 'SideScrollerExampleMap' took 0.640
[2018.10.07-23.25.35:714][  0]LogSlate: Updating window title bar state: overlay mode, drag disabled, window buttons hidden, title bar hidden
[2018.10.07-23.25.35:722][  0]LogSlate: Updating window title bar state: overlay mode, drag disabled, window buttons hidden, title bar hidden
[2018.10.07-23.25.35:732][  0]LogSlate: Updating window title bar state: overlay mode, drag disabled, window buttons hidden, title bar hidden
[2018.10.07-23.25.35:742][  0]LogSlate: Updating window title bar state: overlay mode, drag disabled, window buttons hidden, title bar hidden
[2018.10.07-23.25.35:748][  0]LogCollectionManager: Loaded 0 collections in 0.001309 seconds
[2018.10.07-23.25.35:791][  0]LogFileCache: Scanning file cache for directory 'G:/UnrealProjects/GeometryFight/Saved/Collections/' took 0.01s
[2018.10.07-23.25.35:791][  0]LogFileCache: Scanning file cache for directory 'G:/UnrealProjects/GeometryFight/Content/Developers/user/Collections/' took 0.01s
[2018.10.07-23.25.35:791][  0]LogFileCache: Scanning file cache for directory 'G:/UnrealProjects/GeometryFight/Content/Collections/' took 0.01s
[2018.10.07-23.25.35:791][  0]LogCollectionManager: Rebuilt the GUID cache for 0 collections in 0.000000 seconds
[2018.10.07-23.25.35:803][  0]LogContentBrowser: Native class hierarchy populated in 0.0123 seconds. Added 2572 classes and 603 folders.
[2018.10.07-23.25.35:810][  0]LogContentBrowser: Native class hierarchy updated for 'WidgetCarousel' in 0.0003 seconds. Added 0 classes and 0 folders.
[2018.10.07-23.25.35:870][  0]LogContentBrowser: Native class hierarchy updated for 'AddContentDialog' in 0.0003 seconds. Added 0 classes and 0 folders.
[2018.10.07-23.25.35:876][  0]LogContentBrowser: Native class hierarchy updated for 'SceneOutliner' in 0.0003 seconds. Added 1 classes and 2 folders.
[2018.10.07-23.25.37:037][  0]LogSlate: Only BGRA pngs, bmps or icos are supported in by External Image Picker
[2018.10.07-23.25.37:066][  0]LogSlate: Took 0.000201 seconds to synchronously load lazily loaded font '../../../Engine/Content/Slate/Fonts/Roboto-Bold.ttf' (160K)
[2018.10.07-23.25.37:072][  0]LogSlate: Took 0.000281 seconds to synchronously load lazily loaded font '../../../Engine/Content/Editor/Slate/Fonts/FontAwesome.ttf' (139K)
[2018.10.07-23.25.37:128][  0]LogTemp: Executing iPhonePackager certificates Engine -bundlename com.YourCompany.GeometryFight
[2018.10.07-23.25.37:128][  0]LogTemp: CWD: G:\ArquivosDePrograma\UE_4.20\Engine\Binaries\DotNET\IOS
[2018.10.07-23.25.37:128][  0]LogTemp: Initial Dir: G:\ArquivosDePrograma\UE_4.20
[2018.10.07-23.25.37:128][  0]LogTemp: Env CWD: G:\ArquivosDePrograma\UE_4.20\Engine\Binaries\DotNET\IOS
[2018.10.07-23.25.37:128][  0]LogTemp: BranchPath = ERICK-HIGA-PC/G/ArquivosDePrograma/UE_4.20/Engine/Binaries --- GameBranchPath = ERICK-HIGA-PC/G/ArquivosDePrograma/UE_4.20/Engine/Binaries
[2018.10.07-23.25.37:128][  0]LogRenderer: Reallocating scene render targets to support 1208x576 Format 10 NumSamples 1 (Frame:1).
[2018.10.07-23.25.37:254][  0]LogTemp: IPP ERROR: Could not find provision directory 'C:\Users\user\AppData\Local/Apple Computer/MobileDevice/Provisioning Profiles/'.
[2018.10.07-23.25.37:270][  0]LogContentBrowser: Native class hierarchy updated for 'HierarchicalLODOutliner' in 0.0003 seconds. Added 0 classes and 0 folders.
[2018.10.07-23.25.37:270][  0]LogLoad: (Engine Initialization) Total time: 5433.00 seconds
[2018.10.07-23.25.37:270][  0]LogLoad: (Engine Initialization) Total Blueprint compile time: 0.00 seconds
[2018.10.07-23.25.37:312][  0]LogContentStreaming: Texture pool size now 1000 MB
[2018.10.07-23.25.37:342][  0]LogSlate: Took 0.000304 seconds to synchronously load lazily loaded font '../../../Engine/Content/Slate/Fonts/Roboto-Light.ttf' (167K)
[2018.10.07-23.25.37:486][  3]LogAssetRegistry: Asset discovery search completed in 5428.9030 seconds
[2018.10.07-23.25.37:488][  3]LogCollectionManager: Rebuilt the object cache for 0 collections in 0.000000 seconds (found 0 objects)
[2018.10.07-23.25.37:488][  3]LogCollectionManager: Fixed up redirectors for 0 collections in 0.000049 seconds (updated 0 objects)
[2018.10.07-23.25.38:296][ 94]LogSlate: Took 0.000250 seconds to synchronously load lazily loaded font '../../../Engine/Content/Slate/Fonts/Roboto-Light.ttf' (167K)
[2018.10.07-23.25.40:370][343]LogEditorViewport: Clicking on Actor (LMB): BP_Character1_C (BP_Character1)
[2018.10.07-23.25.41:723][486]LogSlate: FSceneViewport::OnFocusLost() reason 0
[2018.10.07-23.25.41:842][499]LogAssetEditorManager: Opening Asset editor for Blueprint /Game/SideScrollerBP/Blueprints/BP_Character1.BP_Character1
[2018.10.07-23.25.42:311][499]LogContentBrowser: Native class hierarchy updated for 'BlueprintGraph' in 0.0006 seconds. Added 116 classes and 0 folders.
[2018.10.07-23.25.43:135][499]LogSlate: Took 0.000340 seconds to synchronously load lazily loaded font '../../../Engine/Content/Slate/Fonts/Roboto-BoldCondensed.ttf' (158K)
[2018.10.07-23.25.43:320][500]LogSlate: Took 0.000284 seconds to synchronously load lazily loaded font '../../../Engine/Content/Slate/Fonts/Roboto-Italic.ttf' (157K)
[2018.10.08-00.30.40:838][844]LogSlate: Window 'BP_Character1' being destroyed
[2018.10.08-00.30.40:842][844]LogSlate: Window 'BP_Character1' being destroyed
[2018.10.08-00.30.41:434][885]LogSlate: Window 'GeometryFight - Unreal Editor' being destroyed
[2018.10.08-00.30.41:435][885]LogWindowsTextInputMethodSystem: Display: IME system now deactivated.
[2018.10.08-00.30.41:631][886]Cmd: QUIT_EDITOR
[2018.10.08-00.30.41:769][886]LogExit: Preparing to exit.
[2018.10.08-00.30.42:928][886]LogExit: Editor shut down
[2018.10.08-00.30.42:928][886]LogExit: Transaction tracking system shut down
[2018.10.08-00.30.43:967][886]LogExit: Object subsystem successfully closed.
[2018.10.08-00.30.44:010][886]LogShaderCompilers: Display: Shaders left to compile 0
[2018.10.08-00.30.44:027][886]LogD3D11RHI: Shutdown
[2018.10.08-00.30.44:027][886]LogD3D11RHI: CleanupD3DDevice
[2018.10.08-00.30.44:041][886]LogD3D11RHI: ~FD3D11DynamicRHI
